mode: count
github.com/sapcc/hermes/pkg/api/api.go:21.59,23.2 1 6
github.com/sapcc/hermes/pkg/api/api.go:26.45,28.2 1 6
github.com/sapcc/hermes/pkg/api/api.go:30.77,38.2 3 0
github.com/sapcc/hermes/pkg/api/api.go:44.34,46.2 1 6
github.com/sapcc/hermes/pkg/api/api.go:49.45,51.2 1 6
github.com/sapcc/hermes/pkg/api/core.go:40.115,47.66 3 20
github.com/sapcc/hermes/pkg/api/core.go:47.66,49.3 1 0
github.com/sapcc/hermes/pkg/api/core.go:49.8,51.3 1 20
github.com/sapcc/hermes/pkg/api/core.go:54.2,54.69 1 20
github.com/sapcc/hermes/pkg/api/core.go:54.69,56.3 1 0
github.com/sapcc/hermes/pkg/api/core.go:56.8,58.3 1 20
github.com/sapcc/hermes/pkg/api/core.go:60.2,61.18 2 20
github.com/sapcc/hermes/pkg/api/core.go:79.90,106.2 3 6
github.com/sapcc/hermes/pkg/api/core.go:109.45,111.2 1 6
github.com/sapcc/hermes/pkg/api/core.go:114.40,126.2 4 6
github.com/sapcc/hermes/pkg/api/core.go:131.70,139.2 4 1
github.com/sapcc/hermes/pkg/api/core.go:142.70,147.2 2 17
github.com/sapcc/hermes/pkg/api/core.go:150.75,155.2 2 2
github.com/sapcc/hermes/pkg/api/core.go:158.73,163.2 2 1
github.com/sapcc/hermes/pkg/api/events.go:37.77,40.9 3 17
github.com/sapcc/hermes/pkg/api/events.go:40.9,42.3 1 0
github.com/sapcc/hermes/pkg/api/events.go:45.2,50.21 4 17
github.com/sapcc/hermes/pkg/api/events.go:50.21,52.17 2 1
github.com/sapcc/hermes/pkg/api/events.go:52.17,55.4 2 0
github.com/sapcc/hermes/pkg/api/events.go:56.3,56.35 1 1
github.com/sapcc/hermes/pkg/api/events.go:56.35,59.4 2 0
github.com/sapcc/hermes/pkg/api/events.go:60.3,60.30 1 1
github.com/sapcc/hermes/pkg/api/events.go:63.2,63.20 1 17
github.com/sapcc/hermes/pkg/api/events.go:63.20,65.17 2 0
github.com/sapcc/hermes/pkg/api/events.go:65.17,68.4 2 0
github.com/sapcc/hermes/pkg/api/events.go:69.3,69.34 1 0
github.com/sapcc/hermes/pkg/api/events.go:69.34,72.4 2 0
github.com/sapcc/hermes/pkg/api/events.go:73.3,73.28 1 0
github.com/sapcc/hermes/pkg/api/events.go:79.2,105.60 5 17
github.com/sapcc/hermes/pkg/api/events.go:105.60,108.24 2 18
github.com/sapcc/hermes/pkg/api/events.go:108.24,109.42 1 13
github.com/sapcc/hermes/pkg/api/events.go:109.42,112.5 2 3
github.com/sapcc/hermes/pkg/api/events.go:113.4,113.12 1 10
github.com/sapcc/hermes/pkg/api/events.go:116.3,118.22 2 5
github.com/sapcc/hermes/pkg/api/events.go:118.22,121.4 2 1
github.com/sapcc/hermes/pkg/api/events.go:123.3,123.34 1 4
github.com/sapcc/hermes/pkg/api/events.go:123.34,127.4 3 1
github.com/sapcc/hermes/pkg/api/events.go:129.3,130.17 2 3
github.com/sapcc/hermes/pkg/api/events.go:130.17,132.27 2 1
github.com/sapcc/hermes/pkg/api/events.go:132.27,136.5 3 0
github.com/sapcc/hermes/pkg/api/events.go:138.4,138.42 1 1
github.com/sapcc/hermes/pkg/api/events.go:138.42,142.5 3 1
github.com/sapcc/hermes/pkg/api/events.go:143.4,143.32 1 0
github.com/sapcc/hermes/pkg/api/events.go:146.3,147.42 2 2
github.com/sapcc/hermes/pkg/api/events.go:151.2,155.60 4 11
github.com/sapcc/hermes/pkg/api/events.go:155.60,158.24 2 13
github.com/sapcc/hermes/pkg/api/events.go:158.24,159.54 1 5
github.com/sapcc/hermes/pkg/api/events.go:159.54,162.5 2 3
github.com/sapcc/hermes/pkg/api/events.go:163.4,163.12 1 2
github.com/sapcc/hermes/pkg/api/events.go:166.3,167.21 2 8
github.com/sapcc/hermes/pkg/api/events.go:167.21,170.4 2 1
github.com/sapcc/hermes/pkg/api/events.go:172.3,172.32 1 7
github.com/sapcc/hermes/pkg/api/events.go:172.32,176.4 3 1
github.com/sapcc/hermes/pkg/api/events.go:178.3,178.18 1 6
github.com/sapcc/hermes/pkg/api/events.go:178.18,182.4 3 0
github.com/sapcc/hermes/pkg/api/events.go:184.3,185.20 2 6
github.com/sapcc/hermes/pkg/api/events.go:185.20,189.4 3 1
github.com/sapcc/hermes/pkg/api/events.go:191.3,192.13 2 5
github.com/sapcc/hermes/pkg/api/events.go:192.13,196.4 3 1
github.com/sapcc/hermes/pkg/api/events.go:198.3,202.47 4 4
github.com/sapcc/hermes/pkg/api/events.go:202.47,204.18 2 6
github.com/sapcc/hermes/pkg/api/events.go:204.18,206.10 2 3
github.com/sapcc/hermes/pkg/api/events.go:209.3,209.25 1 4
github.com/sapcc/hermes/pkg/api/events.go:209.25,213.4 3 1
github.com/sapcc/hermes/pkg/api/events.go:214.3,214.32 1 3
github.com/sapcc/hermes/pkg/api/events.go:217.2,240.16 6 3
github.com/sapcc/hermes/pkg/api/events.go:240.16,242.3 1 0
github.com/sapcc/hermes/pkg/api/events.go:243.2,244.37 2 3
github.com/sapcc/hermes/pkg/api/events.go:244.37,248.71 2 0
github.com/sapcc/hermes/pkg/api/events.go:248.71,251.4 1 0
github.com/sapcc/hermes/pkg/api/events.go:252.3,253.9 2 0
github.com/sapcc/hermes/pkg/api/events.go:256.2,261.60 3 3
github.com/sapcc/hermes/pkg/api/events.go:261.60,267.3 3 0
github.com/sapcc/hermes/pkg/api/events.go:269.2,269.35 1 3
github.com/sapcc/hermes/pkg/api/events.go:269.35,275.3 3 1
github.com/sapcc/hermes/pkg/api/events.go:277.2,277.45 1 3
github.com/sapcc/hermes/pkg/api/events.go:281.82,283.9 2 2
github.com/sapcc/hermes/pkg/api/events.go:283.9,285.3 1 0
github.com/sapcc/hermes/pkg/api/events.go:288.2,293.47 4 2
github.com/sapcc/hermes/pkg/api/events.go:293.47,296.3 2 1
github.com/sapcc/hermes/pkg/api/events.go:298.2,299.16 2 1
github.com/sapcc/hermes/pkg/api/events.go:299.16,301.3 1 0
github.com/sapcc/hermes/pkg/api/events.go:303.2,305.37 2 1
github.com/sapcc/hermes/pkg/api/events.go:305.37,309.3 3 0
github.com/sapcc/hermes/pkg/api/events.go:310.2,310.18 1 1
github.com/sapcc/hermes/pkg/api/events.go:310.18,314.3 3 0
github.com/sapcc/hermes/pkg/api/events.go:315.2,315.41 1 1
github.com/sapcc/hermes/pkg/api/events.go:319.80,321.9 2 1
github.com/sapcc/hermes/pkg/api/events.go:321.9,323.3 1 0
github.com/sapcc/hermes/pkg/api/events.go:326.2,329.21 4 1
github.com/sapcc/hermes/pkg/api/events.go:329.21,332.3 2 0
github.com/sapcc/hermes/pkg/api/events.go:333.2,337.16 3 1
github.com/sapcc/hermes/pkg/api/events.go:337.16,339.3 1 1
github.com/sapcc/hermes/pkg/api/events.go:341.2,349.16 4 1
github.com/sapcc/hermes/pkg/api/events.go:349.16,351.3 1 0
github.com/sapcc/hermes/pkg/api/events.go:353.2,355.37 2 1
github.com/sapcc/hermes/pkg/api/events.go:355.37,359.3 3 0
github.com/sapcc/hermes/pkg/api/events.go:360.2,360.22 1 1
github.com/sapcc/hermes/pkg/api/events.go:360.22,364.3 3 0
github.com/sapcc/hermes/pkg/api/events.go:365.2,365.45 1 1
github.com/sapcc/hermes/pkg/api/events.go:368.100,372.19 2 5
github.com/sapcc/hermes/pkg/api/events.go:372.19,375.3 1 5
github.com/sapcc/hermes/pkg/api/events.go:378.2,378.19 1 5
github.com/sapcc/hermes/pkg/api/events.go:378.19,381.3 2 5
github.com/sapcc/hermes/pkg/api/events.go:384.2,388.29 4 5
github.com/sapcc/hermes/pkg/api/events.go:388.29,389.42 1 0
github.com/sapcc/hermes/pkg/api/events.go:389.42,392.4 1 0
github.com/sapcc/hermes/pkg/api/events.go:394.3,394.16 1 0
github.com/sapcc/hermes/pkg/api/events.go:397.2,397.21 1 5
github.com/sapcc/hermes/pkg/api/middleware.go:41.13,43.2 1 1
github.com/sapcc/hermes/pkg/api/middleware.go:46.60,54.2 3 0
github.com/sapcc/hermes/pkg/api/middleware.go:57.77,60.46 2 24
github.com/sapcc/hermes/pkg/api/middleware.go:60.46,62.3 1 24
github.com/sapcc/hermes/pkg/api/middleware.go:66.81,69.46 2 24
github.com/sapcc/hermes/pkg/api/middleware.go:69.46,71.3 1 24
github.com/sapcc/hermes/pkg/api/middleware.go:75.70,80.12 4 48
github.com/sapcc/hermes/pkg/api/middleware.go:80.12,82.3 1 44
github.com/sapcc/hermes/pkg/api/middleware.go:84.2,88.68 3 4
github.com/sapcc/hermes/pkg/api/middleware.go:88.68,90.3 1 0
github.com/sapcc/hermes/pkg/api/middleware.go:93.2,94.25 2 4
github.com/sapcc/hermes/pkg/api/middleware.go:94.25,114.3 3 4
github.com/sapcc/hermes/pkg/api/middleware.go:116.2,117.16 2 4
github.com/sapcc/hermes/pkg/api/response.go:26.62,28.16 2 6
github.com/sapcc/hermes/pkg/api/response.go:28.16,31.3 2 0
github.com/sapcc/hermes/pkg/api/response.go:34.2,39.16 5 6
github.com/sapcc/hermes/pkg/api/response.go:39.16,43.3 1 0
github.com/sapcc/hermes/pkg/api/response.go:47.44,49.70 2 4
github.com/sapcc/hermes/pkg/api/response.go:49.70,51.3 1 0
github.com/sapcc/hermes/pkg/api/response.go:52.2,52.17 1 4
github.com/sapcc/hermes/pkg/api/server.go:22.87,53.2 11 0
github.com/sapcc/hermes/pkg/hermes/events.go:72.130,74.16 2 3
github.com/sapcc/hermes/pkg/hermes/events.go:74.16,76.3 1 0
github.com/sapcc/hermes/pkg/hermes/events.go:78.2,80.16 3 3
github.com/sapcc/hermes/pkg/hermes/events.go:80.16,82.3 1 0
github.com/sapcc/hermes/pkg/hermes/events.go:84.2,85.16 2 3
github.com/sapcc/hermes/pkg/hermes/events.go:85.16,87.3 1 0
github.com/sapcc/hermes/pkg/hermes/events.go:88.2,88.27 1 3
github.com/sapcc/hermes/pkg/hermes/events.go:91.99,93.23 1 3
github.com/sapcc/hermes/pkg/hermes/events.go:93.23,95.3 1 0
github.com/sapcc/hermes/pkg/hermes/events.go:97.2,97.56 1 3
github.com/sapcc/hermes/pkg/hermes/events.go:97.56,100.3 1 0
github.com/sapcc/hermes/pkg/hermes/events.go:102.2,104.16 3 3
github.com/sapcc/hermes/pkg/hermes/events.go:104.16,105.47 1 0
github.com/sapcc/hermes/pkg/hermes/events.go:107.2,123.28 2 3
github.com/sapcc/hermes/pkg/hermes/events.go:127.81,129.44 2 3
github.com/sapcc/hermes/pkg/hermes/events.go:129.44,151.14 2 12
github.com/sapcc/hermes/pkg/hermes/events.go:151.14,153.4 1 0
github.com/sapcc/hermes/pkg/hermes/events.go:154.3,156.17 3 12
github.com/sapcc/hermes/pkg/hermes/events.go:156.17,158.4 1 0
github.com/sapcc/hermes/pkg/hermes/events.go:160.3,160.34 1 12
github.com/sapcc/hermes/pkg/hermes/events.go:162.2,162.20 1 3
github.com/sapcc/hermes/pkg/hermes/events.go:166.111,170.2 2 1
github.com/sapcc/hermes/pkg/hermes/events.go:173.129,182.2 3 1
github.com/sapcc/hermes/pkg/storage/mock.go:17.112,20.16 3 3
github.com/sapcc/hermes/pkg/storage/mock.go:20.16,22.3 1 0
github.com/sapcc/hermes/pkg/storage/mock.go:24.2,26.39 2 3
github.com/sapcc/hermes/pkg/storage/mock.go:26.39,28.3 1 12
github.com/sapcc/hermes/pkg/storage/mock.go:30.2,30.42 1 3
github.com/sapcc/hermes/pkg/storage/mock.go:34.92,38.2 3 1
github.com/sapcc/hermes/pkg/storage/mock.go:41.31,43.2 1 3
github.com/sapcc/hermes/pkg/storage/mock.go:46.110,50.2 3 1
github.com/sapcc/hermes/pkg/storage/opensearch.go:30.54,32.24 1 0
github.com/sapcc/hermes/pkg/storage/opensearch.go:32.24,34.3 1 0
github.com/sapcc/hermes/pkg/storage/opensearch.go:35.2,35.20 1 0
github.com/sapcc/hermes/pkg/storage/opensearch.go:38.30,53.32 8 0
github.com/sapcc/hermes/pkg/storage/opensearch.go:53.32,55.3 1 0
github.com/sapcc/hermes/pkg/storage/opensearch.go:56.2,75.38 3 0
github.com/sapcc/hermes/pkg/storage/opensearch.go:75.38,78.3 2 0
github.com/sapcc/hermes/pkg/storage/opensearch.go:80.2,82.16 3 0
github.com/sapcc/hermes/pkg/storage/opensearch.go:82.16,84.13 1 0
github.com/sapcc/hermes/pkg/storage/opensearch.go:94.74,107.20 3 0
github.com/sapcc/hermes/pkg/storage/opensearch.go:107.20,113.3 1 0
github.com/sapcc/hermes/pkg/storage/opensearch.go:116.2,116.45 1 0
github.com/sapcc/hermes/pkg/storage/opensearch.go:116.45,117.36 1 0
github.com/sapcc/hermes/pkg/storage/opensearch.go:117.36,123.4 2 0
github.com/sapcc/hermes/pkg/storage/opensearch.go:123.9,128.4 1 0
github.com/sapcc/hermes/pkg/storage/opensearch.go:131.2,131.31 1 0
github.com/sapcc/hermes/pkg/storage/opensearch.go:131.31,133.3 1 0
github.com/sapcc/hermes/pkg/storage/opensearch.go:134.2,134.29 1 0
github.com/sapcc/hermes/pkg/storage/opensearch.go:134.29,136.3 1 0
github.com/sapcc/hermes/pkg/storage/opensearch.go:137.2,137.27 1 0
github.com/sapcc/hermes/pkg/storage/opensearch.go:137.27,139.3 1 0
github.com/sapcc/hermes/pkg/storage/opensearch.go:140.2,140.32 1 0
github.com/sapcc/hermes/pkg/storage/opensearch.go:140.32,142.3 1 0
github.com/sapcc/hermes/pkg/storage/opensearch.go:143.2,143.30 1 0
github.com/sapcc/hermes/pkg/storage/opensearch.go:143.30,145.3 1 0
github.com/sapcc/hermes/pkg/storage/opensearch.go:146.2,146.32 1 0
github.com/sapcc/hermes/pkg/storage/opensearch.go:146.32,148.3 1 0
github.com/sapcc/hermes/pkg/storage/opensearch.go:149.2,149.25 1 0
github.com/sapcc/hermes/pkg/storage/opensearch.go:149.25,151.3 1 0
github.com/sapcc/hermes/pkg/storage/opensearch.go:152.2,152.26 1 0
github.com/sapcc/hermes/pkg/storage/opensearch.go:152.26,154.3 1 0
github.com/sapcc/hermes/pkg/storage/opensearch.go:155.2,155.30 1 0
github.com/sapcc/hermes/pkg/storage/opensearch.go:155.30,157.3 1 0
github.com/sapcc/hermes/pkg/storage/opensearch.go:160.2,160.26 1 0
github.com/sapcc/hermes/pkg/storage/opensearch.go:160.26,164.39 3 0
github.com/sapcc/hermes/pkg/storage/opensearch.go:164.39,165.15 1 0
github.com/sapcc/hermes/pkg/storage/opensearch.go:166.14,167.28 1 0
github.com/sapcc/hermes/pkg/storage/opensearch.go:168.15,169.29 1 0
github.com/sapcc/hermes/pkg/storage/opensearch.go:170.14,171.28 1 0
github.com/sapcc/hermes/pkg/storage/opensearch.go:172.15,173.29 1 0
github.com/sapcc/hermes/pkg/storage/opensearch.go:177.3,177.99 1 0
github.com/sapcc/hermes/pkg/storage/opensearch.go:181.2,181.25 1 0
github.com/sapcc/hermes/pkg/storage/opensearch.go:181.25,187.3 1 0
github.com/sapcc/hermes/pkg/storage/opensearch.go:189.2,189.18 1 0
github.com/sapcc/hermes/pkg/storage/opensearch.go:193.119,195.51 1 0
github.com/sapcc/hermes/pkg/storage/opensearch.go:195.51,197.3 1 0
github.com/sapcc/hermes/pkg/storage/opensearch.go:199.2,212.24 6 0
github.com/sapcc/hermes/pkg/storage/opensearch.go:212.24,213.42 1 0
github.com/sapcc/hermes/pkg/storage/opensearch.go:213.42,215.33 2 0
github.com/sapcc/hermes/pkg/storage/opensearch.go:215.33,217.5 1 0
github.com/sapcc/hermes/pkg/storage/opensearch.go:218.4,220.6 1 0
github.com/sapcc/hermes/pkg/storage/opensearch.go:225.2,238.16 8 0
github.com/sapcc/hermes/pkg/storage/opensearch.go:238.16,240.3 1 0
github.com/sapcc/hermes/pkg/storage/opensearch.go:242.2,250.16 3 0
github.com/sapcc/hermes/pkg/storage/opensearch.go:250.16,251.63 1 0
github.com/sapcc/hermes/pkg/storage/opensearch.go:251.63,254.4 2 0
github.com/sapcc/hermes/pkg/storage/opensearch.go:254.9,256.4 1 0
github.com/sapcc/hermes/pkg/storage/opensearch.go:257.3,257.21 1 0
github.com/sapcc/hermes/pkg/storage/opensearch.go:260.2,264.43 3 0
github.com/sapcc/hermes/pkg/storage/opensearch.go:264.43,267.17 3 0
github.com/sapcc/hermes/pkg/storage/opensearch.go:267.17,269.4 1 0
github.com/sapcc/hermes/pkg/storage/opensearch.go:270.3,270.31 1 0
github.com/sapcc/hermes/pkg/storage/opensearch.go:273.2,275.27 2 0
github.com/sapcc/hermes/pkg/storage/opensearch.go:279.99,281.51 1 0
github.com/sapcc/hermes/pkg/storage/opensearch.go:281.51,283.3 1 0
github.com/sapcc/hermes/pkg/storage/opensearch.go:285.2,309.16 5 0
github.com/sapcc/hermes/pkg/storage/opensearch.go:309.16,311.3 1 0
github.com/sapcc/hermes/pkg/storage/opensearch.go:313.2,320.16 3 0
github.com/sapcc/hermes/pkg/storage/opensearch.go:320.16,323.3 2 0
github.com/sapcc/hermes/pkg/storage/opensearch.go:325.2,328.15 3 0
github.com/sapcc/hermes/pkg/storage/opensearch.go:328.15,333.3 4 0
github.com/sapcc/hermes/pkg/storage/opensearch.go:334.2,334.17 1 0
github.com/sapcc/hermes/pkg/storage/opensearch.go:338.117,340.51 1 0
github.com/sapcc/hermes/pkg/storage/opensearch.go:340.51,342.3 1 0
github.com/sapcc/hermes/pkg/storage/opensearch.go:344.2,349.53 4 0
github.com/sapcc/hermes/pkg/storage/opensearch.go:349.53,351.3 1 0
github.com/sapcc/hermes/pkg/storage/opensearch.go:351.8,353.3 1 0
github.com/sapcc/hermes/pkg/storage/opensearch.go:354.2,383.16 5 0
github.com/sapcc/hermes/pkg/storage/opensearch.go:383.16,385.3 1 0
github.com/sapcc/hermes/pkg/storage/opensearch.go:387.2,394.16 3 0
github.com/sapcc/hermes/pkg/storage/opensearch.go:394.16,395.63 1 0
github.com/sapcc/hermes/pkg/storage/opensearch.go:395.63,398.4 2 0
github.com/sapcc/hermes/pkg/storage/opensearch.go:398.9,400.4 1 0
github.com/sapcc/hermes/pkg/storage/opensearch.go:401.3,401.18 1 0
github.com/sapcc/hermes/pkg/storage/opensearch.go:405.2,414.76 2 0
github.com/sapcc/hermes/pkg/storage/opensearch.go:414.76,417.3 2 0
github.com/sapcc/hermes/pkg/storage/opensearch.go:419.2,423.61 3 0
github.com/sapcc/hermes/pkg/storage/opensearch.go:423.61,425.3 1 0
github.com/sapcc/hermes/pkg/storage/opensearch.go:425.8,427.3 1 0
github.com/sapcc/hermes/pkg/storage/opensearch.go:429.2,430.54 2 0
github.com/sapcc/hermes/pkg/storage/opensearch.go:430.54,440.3 4 0
github.com/sapcc/hermes/pkg/storage/opensearch.go:442.2,444.20 3 0
github.com/sapcc/hermes/pkg/storage/opensearch.go:448.38,450.18 2 0
github.com/sapcc/hermes/pkg/storage/opensearch.go:450.18,452.3 1 0
github.com/sapcc/hermes/pkg/storage/opensearch.go:453.2,453.23 1 0
github.com/sapcc/hermes/pkg/storage/util.go:39.60,40.22 1 0
github.com/sapcc/hermes/pkg/storage/util.go:40.22,42.3 1 0
github.com/sapcc/hermes/pkg/storage/util.go:44.2,47.31 3 0
github.com/sapcc/hermes/pkg/storage/util.go:47.31,48.19 1 0
github.com/sapcc/hermes/pkg/storage/util.go:48.19,49.12 1 0
github.com/sapcc/hermes/pkg/storage/util.go:52.3,52.35 1 0
github.com/sapcc/hermes/pkg/storage/util.go:52.35,55.4 2 0
github.com/sapcc/hermes/pkg/storage/util.go:58.2,58.15 1 0
github.com/sapcc/hermes/pkg/storage/util.go:64.25,66.2 1 0
github.com/sapcc/hermes/pkg/storage/util.go:71.46,72.20 1 0
github.com/sapcc/hermes/pkg/storage/util.go:72.20,74.3 1 0
github.com/sapcc/hermes/pkg/storage/util.go:75.2,75.31 1 0
github.com/sapcc/hermes/pkg/storage/util.go:75.31,77.3 1 0
github.com/sapcc/hermes/pkg/storage/util.go:78.2,78.12 1 0
github.com/sapcc/hermes/pkg/storage/util.go:85.58,86.51 1 0
github.com/sapcc/hermes/pkg/storage/util.go:86.51,88.3 1 0
github.com/sapcc/hermes/pkg/storage/util.go:90.2,91.28 2 0
github.com/sapcc/hermes/pkg/storage/util.go:91.28,93.3 1 0
github.com/sapcc/hermes/pkg/storage/util.go:95.2,95.44 1 0
github.com/sapcc/hermes/pkg/test/http.go:33.63,35.26 2 21
github.com/sapcc/hermes/pkg/test/http.go:35.26,37.17 2 0
github.com/sapcc/hermes/pkg/test/http.go:37.17,39.4 1 0
github.com/sapcc/hermes/pkg/test/http.go:40.3,40.38 1 0
github.com/sapcc/hermes/pkg/test/http.go:42.2,50.16 7 21
github.com/sapcc/hermes/pkg/test/http.go:50.16,52.3 1 0
github.com/sapcc/hermes/pkg/test/http.go:53.2,54.16 2 21
github.com/sapcc/hermes/pkg/test/http.go:54.16,56.3 1 0
github.com/sapcc/hermes/pkg/test/http.go:58.2,58.47 1 21
github.com/sapcc/hermes/pkg/test/http.go:58.47,63.3 2 0
github.com/sapcc/hermes/pkg/test/http.go:65.2,65.9 1 21
github.com/sapcc/hermes/pkg/test/http.go:66.27,68.35 2 0
github.com/sapcc/hermes/pkg/test/http.go:68.35,72.4 1 0
github.com/sapcc/hermes/pkg/test/http.go:73.26,76.17 3 4
github.com/sapcc/hermes/pkg/test/http.go:76.17,79.4 2 0
github.com/sapcc/hermes/pkg/test/http.go:80.3,81.55 2 4
github.com/sapcc/hermes/pkg/test/http.go:82.26,83.57 1 0
github.com/sapcc/hermes/pkg/test/http.go:87.89,91.16 2 4
github.com/sapcc/hermes/pkg/test/http.go:91.16,93.3 1 0
github.com/sapcc/hermes/pkg/test/http.go:94.2,96.16 3 4
github.com/sapcc/hermes/pkg/test/http.go:96.16,98.3 1 0
github.com/sapcc/hermes/pkg/test/http.go:101.2,101.15 1 4
github.com/sapcc/hermes/pkg/test/http.go:101.15,103.17 2 4
github.com/sapcc/hermes/pkg/test/http.go:103.17,105.4 1 0
github.com/sapcc/hermes/pkg/test/http.go:108.2,113.16 6 4
github.com/sapcc/hermes/pkg/test/http.go:113.16,115.3 1 0
github.com/sapcc/hermes/pkg/api/api.go:21.59,23.2 1 0
github.com/sapcc/hermes/pkg/api/api.go:26.45,28.2 1 0
github.com/sapcc/hermes/pkg/api/api.go:30.77,38.2 3 0
github.com/sapcc/hermes/pkg/api/api.go:44.34,46.2 1 0
github.com/sapcc/hermes/pkg/api/api.go:49.45,51.2 1 0
github.com/sapcc/hermes/pkg/api/core.go:40.115,47.66 3 0
github.com/sapcc/hermes/pkg/api/core.go:47.66,49.3 1 0
github.com/sapcc/hermes/pkg/api/core.go:49.8,51.3 1 0
github.com/sapcc/hermes/pkg/api/core.go:54.2,54.69 1 0
github.com/sapcc/hermes/pkg/api/core.go:54.69,56.3 1 0
github.com/sapcc/hermes/pkg/api/core.go:56.8,58.3 1 0
github.com/sapcc/hermes/pkg/api/core.go:60.2,61.18 2 0
github.com/sapcc/hermes/pkg/api/core.go:79.90,106.2 3 0
github.com/sapcc/hermes/pkg/api/core.go:109.45,111.2 1 0
github.com/sapcc/hermes/pkg/api/core.go:114.40,126.2 4 0
github.com/sapcc/hermes/pkg/api/core.go:131.70,139.2 4 0
github.com/sapcc/hermes/pkg/api/core.go:142.70,147.2 2 0
github.com/sapcc/hermes/pkg/api/core.go:150.75,155.2 2 0
github.com/sapcc/hermes/pkg/api/core.go:158.73,163.2 2 0
github.com/sapcc/hermes/pkg/api/events.go:37.77,40.9 3 0
github.com/sapcc/hermes/pkg/api/events.go:40.9,42.3 1 0
github.com/sapcc/hermes/pkg/api/events.go:45.2,50.21 4 0
github.com/sapcc/hermes/pkg/api/events.go:50.21,52.17 2 0
github.com/sapcc/hermes/pkg/api/events.go:52.17,55.4 2 0
github.com/sapcc/hermes/pkg/api/events.go:56.3,56.35 1 0
github.com/sapcc/hermes/pkg/api/events.go:56.35,59.4 2 0
github.com/sapcc/hermes/pkg/api/events.go:60.3,60.30 1 0
github.com/sapcc/hermes/pkg/api/events.go:63.2,63.20 1 0
github.com/sapcc/hermes/pkg/api/events.go:63.20,65.17 2 0
github.com/sapcc/hermes/pkg/api/events.go:65.17,68.4 2 0
github.com/sapcc/hermes/pkg/api/events.go:69.3,69.34 1 0
github.com/sapcc/hermes/pkg/api/events.go:69.34,72.4 2 0
github.com/sapcc/hermes/pkg/api/events.go:73.3,73.28 1 0
github.com/sapcc/hermes/pkg/api/events.go:79.2,105.60 5 0
github.com/sapcc/hermes/pkg/api/events.go:105.60,108.24 2 0
github.com/sapcc/hermes/pkg/api/events.go:108.24,109.42 1 0
github.com/sapcc/hermes/pkg/api/events.go:109.42,112.5 2 0
github.com/sapcc/hermes/pkg/api/events.go:113.4,113.12 1 0
github.com/sapcc/hermes/pkg/api/events.go:116.3,118.22 2 0
github.com/sapcc/hermes/pkg/api/events.go:118.22,121.4 2 0
github.com/sapcc/hermes/pkg/api/events.go:123.3,123.34 1 0
github.com/sapcc/hermes/pkg/api/events.go:123.34,127.4 3 0
github.com/sapcc/hermes/pkg/api/events.go:129.3,130.17 2 0
github.com/sapcc/hermes/pkg/api/events.go:130.17,132.27 2 0
github.com/sapcc/hermes/pkg/api/events.go:132.27,136.5 3 0
github.com/sapcc/hermes/pkg/api/events.go:138.4,138.42 1 0
github.com/sapcc/hermes/pkg/api/events.go:138.42,142.5 3 0
github.com/sapcc/hermes/pkg/api/events.go:143.4,143.32 1 0
github.com/sapcc/hermes/pkg/api/events.go:146.3,147.42 2 0
github.com/sapcc/hermes/pkg/api/events.go:151.2,155.60 4 0
github.com/sapcc/hermes/pkg/api/events.go:155.60,158.24 2 0
github.com/sapcc/hermes/pkg/api/events.go:158.24,159.54 1 0
github.com/sapcc/hermes/pkg/api/events.go:159.54,162.5 2 0
github.com/sapcc/hermes/pkg/api/events.go:163.4,163.12 1 0
github.com/sapcc/hermes/pkg/api/events.go:166.3,167.21 2 0
github.com/sapcc/hermes/pkg/api/events.go:167.21,170.4 2 0
github.com/sapcc/hermes/pkg/api/events.go:172.3,172.32 1 0
github.com/sapcc/hermes/pkg/api/events.go:172.32,176.4 3 0
github.com/sapcc/hermes/pkg/api/events.go:178.3,178.18 1 0
github.com/sapcc/hermes/pkg/api/events.go:178.18,182.4 3 0
github.com/sapcc/hermes/pkg/api/events.go:184.3,185.20 2 0
github.com/sapcc/hermes/pkg/api/events.go:185.20,189.4 3 0
github.com/sapcc/hermes/pkg/api/events.go:191.3,192.13 2 0
github.com/sapcc/hermes/pkg/api/events.go:192.13,196.4 3 0
github.com/sapcc/hermes/pkg/api/events.go:198.3,202.47 4 0
github.com/sapcc/hermes/pkg/api/events.go:202.47,204.18 2 0
github.com/sapcc/hermes/pkg/api/events.go:204.18,206.10 2 0
github.com/sapcc/hermes/pkg/api/events.go:209.3,209.25 1 0
github.com/sapcc/hermes/pkg/api/events.go:209.25,213.4 3 0
github.com/sapcc/hermes/pkg/api/events.go:214.3,214.32 1 0
github.com/sapcc/hermes/pkg/api/events.go:217.2,240.16 6 0
github.com/sapcc/hermes/pkg/api/events.go:240.16,242.3 1 0
github.com/sapcc/hermes/pkg/api/events.go:243.2,244.37 2 0
github.com/sapcc/hermes/pkg/api/events.go:244.37,248.71 2 0
github.com/sapcc/hermes/pkg/api/events.go:248.71,251.4 1 0
github.com/sapcc/hermes/pkg/api/events.go:252.3,253.9 2 0
github.com/sapcc/hermes/pkg/api/events.go:256.2,261.60 3 0
github.com/sapcc/hermes/pkg/api/events.go:261.60,267.3 3 0
github.com/sapcc/hermes/pkg/api/events.go:269.2,269.35 1 0
github.com/sapcc/hermes/pkg/api/events.go:269.35,275.3 3 0
github.com/sapcc/hermes/pkg/api/events.go:277.2,277.45 1 0
github.com/sapcc/hermes/pkg/api/events.go:281.82,283.9 2 0
github.com/sapcc/hermes/pkg/api/events.go:283.9,285.3 1 0
github.com/sapcc/hermes/pkg/api/events.go:288.2,293.47 4 0
github.com/sapcc/hermes/pkg/api/events.go:293.47,296.3 2 0
github.com/sapcc/hermes/pkg/api/events.go:298.2,299.16 2 0
github.com/sapcc/hermes/pkg/api/events.go:299.16,301.3 1 0
github.com/sapcc/hermes/pkg/api/events.go:303.2,305.37 2 0
github.com/sapcc/hermes/pkg/api/events.go:305.37,309.3 3 0
github.com/sapcc/hermes/pkg/api/events.go:310.2,310.18 1 0
github.com/sapcc/hermes/pkg/api/events.go:310.18,314.3 3 0
github.com/sapcc/hermes/pkg/api/events.go:315.2,315.41 1 0
github.com/sapcc/hermes/pkg/api/events.go:319.80,321.9 2 0
github.com/sapcc/hermes/pkg/api/events.go:321.9,323.3 1 0
github.com/sapcc/hermes/pkg/api/events.go:326.2,329.21 4 0
github.com/sapcc/hermes/pkg/api/events.go:329.21,332.3 2 0
github.com/sapcc/hermes/pkg/api/events.go:333.2,337.16 3 0
github.com/sapcc/hermes/pkg/api/events.go:337.16,339.3 1 0
github.com/sapcc/hermes/pkg/api/events.go:341.2,349.16 4 0
github.com/sapcc/hermes/pkg/api/events.go:349.16,351.3 1 0
github.com/sapcc/hermes/pkg/api/events.go:353.2,355.37 2 0
github.com/sapcc/hermes/pkg/api/events.go:355.37,359.3 3 0
github.com/sapcc/hermes/pkg/api/events.go:360.2,360.22 1 0
github.com/sapcc/hermes/pkg/api/events.go:360.22,364.3 3 0
github.com/sapcc/hermes/pkg/api/events.go:365.2,365.45 1 0
github.com/sapcc/hermes/pkg/api/events.go:368.100,372.19 2 0
github.com/sapcc/hermes/pkg/api/events.go:372.19,375.3 1 0
github.com/sapcc/hermes/pkg/api/events.go:378.2,378.19 1 0
github.com/sapcc/hermes/pkg/api/events.go:378.19,381.3 2 0
github.com/sapcc/hermes/pkg/api/events.go:384.2,388.29 4 0
github.com/sapcc/hermes/pkg/api/events.go:388.29,389.42 1 0
github.com/sapcc/hermes/pkg/api/events.go:389.42,392.4 1 0
github.com/sapcc/hermes/pkg/api/events.go:394.3,394.16 1 0
github.com/sapcc/hermes/pkg/api/events.go:397.2,397.21 1 0
github.com/sapcc/hermes/pkg/api/middleware.go:41.13,43.2 1 0
github.com/sapcc/hermes/pkg/api/middleware.go:46.60,54.2 3 0
github.com/sapcc/hermes/pkg/api/middleware.go:57.77,60.46 2 0
github.com/sapcc/hermes/pkg/api/middleware.go:60.46,62.3 1 0
github.com/sapcc/hermes/pkg/api/middleware.go:66.81,69.46 2 0
github.com/sapcc/hermes/pkg/api/middleware.go:69.46,71.3 1 0
github.com/sapcc/hermes/pkg/api/middleware.go:75.70,80.12 4 0
github.com/sapcc/hermes/pkg/api/middleware.go:80.12,82.3 1 0
github.com/sapcc/hermes/pkg/api/middleware.go:84.2,88.68 3 0
github.com/sapcc/hermes/pkg/api/middleware.go:88.68,90.3 1 0
github.com/sapcc/hermes/pkg/api/middleware.go:93.2,94.25 2 0
github.com/sapcc/hermes/pkg/api/middleware.go:94.25,114.3 3 0
github.com/sapcc/hermes/pkg/api/middleware.go:116.2,117.16 2 0
github.com/sapcc/hermes/pkg/api/response.go:26.62,28.16 2 0
github.com/sapcc/hermes/pkg/api/response.go:28.16,31.3 2 0
github.com/sapcc/hermes/pkg/api/response.go:34.2,39.16 5 0
github.com/sapcc/hermes/pkg/api/response.go:39.16,43.3 1 0
github.com/sapcc/hermes/pkg/api/response.go:47.44,49.70 2 0
github.com/sapcc/hermes/pkg/api/response.go:49.70,51.3 1 0
github.com/sapcc/hermes/pkg/api/response.go:52.2,52.17 1 0
github.com/sapcc/hermes/pkg/api/server.go:22.87,53.2 11 0
github.com/sapcc/hermes/pkg/hermes/events.go:72.130,74.16 2 0
github.com/sapcc/hermes/pkg/hermes/events.go:74.16,76.3 1 0
github.com/sapcc/hermes/pkg/hermes/events.go:78.2,80.16 3 0
github.com/sapcc/hermes/pkg/hermes/events.go:80.16,82.3 1 0
github.com/sapcc/hermes/pkg/hermes/events.go:84.2,85.16 2 0
github.com/sapcc/hermes/pkg/hermes/events.go:85.16,87.3 1 0
github.com/sapcc/hermes/pkg/hermes/events.go:88.2,88.27 1 0
github.com/sapcc/hermes/pkg/hermes/events.go:91.99,93.23 1 0
github.com/sapcc/hermes/pkg/hermes/events.go:93.23,95.3 1 0
github.com/sapcc/hermes/pkg/hermes/events.go:97.2,97.56 1 0
github.com/sapcc/hermes/pkg/hermes/events.go:97.56,100.3 1 0
github.com/sapcc/hermes/pkg/hermes/events.go:102.2,104.16 3 0
github.com/sapcc/hermes/pkg/hermes/events.go:104.16,105.47 1 0
github.com/sapcc/hermes/pkg/hermes/events.go:107.2,123.28 2 0
github.com/sapcc/hermes/pkg/hermes/events.go:127.81,129.44 2 0
github.com/sapcc/hermes/pkg/hermes/events.go:129.44,151.14 2 0
github.com/sapcc/hermes/pkg/hermes/events.go:151.14,153.4 1 0
github.com/sapcc/hermes/pkg/hermes/events.go:154.3,156.17 3 0
github.com/sapcc/hermes/pkg/hermes/events.go:156.17,158.4 1 0
github.com/sapcc/hermes/pkg/hermes/events.go:160.3,160.34 1 0
github.com/sapcc/hermes/pkg/hermes/events.go:162.2,162.20 1 0
github.com/sapcc/hermes/pkg/hermes/events.go:166.111,170.2 2 0
github.com/sapcc/hermes/pkg/hermes/events.go:173.129,182.2 3 0
github.com/sapcc/hermes/pkg/storage/mock.go:17.112,20.16 3 0
github.com/sapcc/hermes/pkg/storage/mock.go:20.16,22.3 1 0
github.com/sapcc/hermes/pkg/storage/mock.go:24.2,26.39 2 0
github.com/sapcc/hermes/pkg/storage/mock.go:26.39,28.3 1 0
github.com/sapcc/hermes/pkg/storage/mock.go:30.2,30.42 1 0
github.com/sapcc/hermes/pkg/storage/mock.go:34.92,38.2 3 0
github.com/sapcc/hermes/pkg/storage/mock.go:41.31,43.2 1 0
github.com/sapcc/hermes/pkg/storage/mock.go:46.110,50.2 3 0
github.com/sapcc/hermes/pkg/storage/opensearch.go:30.54,32.24 1 0
github.com/sapcc/hermes/pkg/storage/opensearch.go:32.24,34.3 1 0
github.com/sapcc/hermes/pkg/storage/opensearch.go:35.2,35.20 1 0
github.com/sapcc/hermes/pkg/storage/opensearch.go:38.30,53.32 8 0
github.com/sapcc/hermes/pkg/storage/opensearch.go:53.32,55.3 1 0
github.com/sapcc/hermes/pkg/storage/opensearch.go:56.2,75.38 3 0
github.com/sapcc/hermes/pkg/storage/opensearch.go:75.38,78.3 2 0
github.com/sapcc/hermes/pkg/storage/opensearch.go:80.2,82.16 3 0
github.com/sapcc/hermes/pkg/storage/opensearch.go:82.16,84.13 1 0
github.com/sapcc/hermes/pkg/storage/opensearch.go:94.74,107.20 3 0
github.com/sapcc/hermes/pkg/storage/opensearch.go:107.20,113.3 1 0
github.com/sapcc/hermes/pkg/storage/opensearch.go:116.2,116.45 1 0
github.com/sapcc/hermes/pkg/storage/opensearch.go:116.45,117.36 1 0
github.com/sapcc/hermes/pkg/storage/opensearch.go:117.36,123.4 2 0
github.com/sapcc/hermes/pkg/storage/opensearch.go:123.9,128.4 1 0
github.com/sapcc/hermes/pkg/storage/opensearch.go:131.2,131.31 1 0
github.com/sapcc/hermes/pkg/storage/opensearch.go:131.31,133.3 1 0
github.com/sapcc/hermes/pkg/storage/opensearch.go:134.2,134.29 1 0
github.com/sapcc/hermes/pkg/storage/opensearch.go:134.29,136.3 1 0
github.com/sapcc/hermes/pkg/storage/opensearch.go:137.2,137.27 1 0
github.com/sapcc/hermes/pkg/storage/opensearch.go:137.27,139.3 1 0
github.com/sapcc/hermes/pkg/storage/opensearch.go:140.2,140.32 1 0
github.com/sapcc/hermes/pkg/storage/opensearch.go:140.32,142.3 1 0
github.com/sapcc/hermes/pkg/storage/opensearch.go:143.2,143.30 1 0
github.com/sapcc/hermes/pkg/storage/opensearch.go:143.30,145.3 1 0
github.com/sapcc/hermes/pkg/storage/opensearch.go:146.2,146.32 1 0
github.com/sapcc/hermes/pkg/storage/opensearch.go:146.32,148.3 1 0
github.com/sapcc/hermes/pkg/storage/opensearch.go:149.2,149.25 1 0
github.com/sapcc/hermes/pkg/storage/opensearch.go:149.25,151.3 1 0
github.com/sapcc/hermes/pkg/storage/opensearch.go:152.2,152.26 1 0
github.com/sapcc/hermes/pkg/storage/opensearch.go:152.26,154.3 1 0
github.com/sapcc/hermes/pkg/storage/opensearch.go:155.2,155.30 1 0
github.com/sapcc/hermes/pkg/storage/opensearch.go:155.30,157.3 1 0
github.com/sapcc/hermes/pkg/storage/opensearch.go:160.2,160.26 1 0
github.com/sapcc/hermes/pkg/storage/opensearch.go:160.26,164.39 3 0
github.com/sapcc/hermes/pkg/storage/opensearch.go:164.39,165.15 1 0
github.com/sapcc/hermes/pkg/storage/opensearch.go:166.14,167.28 1 0
github.com/sapcc/hermes/pkg/storage/opensearch.go:168.15,169.29 1 0
github.com/sapcc/hermes/pkg/storage/opensearch.go:170.14,171.28 1 0
github.com/sapcc/hermes/pkg/storage/opensearch.go:172.15,173.29 1 0
github.com/sapcc/hermes/pkg/storage/opensearch.go:177.3,177.99 1 0
github.com/sapcc/hermes/pkg/storage/opensearch.go:181.2,181.25 1 0
github.com/sapcc/hermes/pkg/storage/opensearch.go:181.25,187.3 1 0
github.com/sapcc/hermes/pkg/storage/opensearch.go:189.2,189.18 1 0
github.com/sapcc/hermes/pkg/storage/opensearch.go:193.119,195.51 1 0
github.com/sapcc/hermes/pkg/storage/opensearch.go:195.51,197.3 1 0
github.com/sapcc/hermes/pkg/storage/opensearch.go:199.2,212.24 6 0
github.com/sapcc/hermes/pkg/storage/opensearch.go:212.24,213.42 1 0
github.com/sapcc/hermes/pkg/storage/opensearch.go:213.42,215.33 2 0
github.com/sapcc/hermes/pkg/storage/opensearch.go:215.33,217.5 1 0
github.com/sapcc/hermes/pkg/storage/opensearch.go:218.4,220.6 1 0
github.com/sapcc/hermes/pkg/storage/opensearch.go:225.2,238.16 8 0
github.com/sapcc/hermes/pkg/storage/opensearch.go:238.16,240.3 1 0
github.com/sapcc/hermes/pkg/storage/opensearch.go:242.2,250.16 3 0
github.com/sapcc/hermes/pkg/storage/opensearch.go:250.16,251.63 1 0
github.com/sapcc/hermes/pkg/storage/opensearch.go:251.63,254.4 2 0
github.com/sapcc/hermes/pkg/storage/opensearch.go:254.9,256.4 1 0
github.com/sapcc/hermes/pkg/storage/opensearch.go:257.3,257.21 1 0
github.com/sapcc/hermes/pkg/storage/opensearch.go:260.2,264.43 3 0
github.com/sapcc/hermes/pkg/storage/opensearch.go:264.43,267.17 3 0
github.com/sapcc/hermes/pkg/storage/opensearch.go:267.17,269.4 1 0
github.com/sapcc/hermes/pkg/storage/opensearch.go:270.3,270.31 1 0
github.com/sapcc/hermes/pkg/storage/opensearch.go:273.2,275.27 2 0
github.com/sapcc/hermes/pkg/storage/opensearch.go:279.99,281.51 1 0
github.com/sapcc/hermes/pkg/storage/opensearch.go:281.51,283.3 1 0
github.com/sapcc/hermes/pkg/storage/opensearch.go:285.2,309.16 5 0
github.com/sapcc/hermes/pkg/storage/opensearch.go:309.16,311.3 1 0
github.com/sapcc/hermes/pkg/storage/opensearch.go:313.2,320.16 3 0
github.com/sapcc/hermes/pkg/storage/opensearch.go:320.16,323.3 2 0
github.com/sapcc/hermes/pkg/storage/opensearch.go:325.2,328.15 3 0
github.com/sapcc/hermes/pkg/storage/opensearch.go:328.15,333.3 4 0
github.com/sapcc/hermes/pkg/storage/opensearch.go:334.2,334.17 1 0
github.com/sapcc/hermes/pkg/storage/opensearch.go:338.117,340.51 1 0
github.com/sapcc/hermes/pkg/storage/opensearch.go:340.51,342.3 1 0
github.com/sapcc/hermes/pkg/storage/opensearch.go:344.2,349.53 4 0
github.com/sapcc/hermes/pkg/storage/opensearch.go:349.53,351.3 1 0
github.com/sapcc/hermes/pkg/storage/opensearch.go:351.8,353.3 1 0
github.com/sapcc/hermes/pkg/storage/opensearch.go:354.2,383.16 5 0
github.com/sapcc/hermes/pkg/storage/opensearch.go:383.16,385.3 1 0
github.com/sapcc/hermes/pkg/storage/opensearch.go:387.2,394.16 3 0
github.com/sapcc/hermes/pkg/storage/opensearch.go:394.16,395.63 1 0
github.com/sapcc/hermes/pkg/storage/opensearch.go:395.63,398.4 2 0
github.com/sapcc/hermes/pkg/storage/opensearch.go:398.9,400.4 1 0
github.com/sapcc/hermes/pkg/storage/opensearch.go:401.3,401.18 1 0
github.com/sapcc/hermes/pkg/storage/opensearch.go:405.2,414.76 2 0
github.com/sapcc/hermes/pkg/storage/opensearch.go:414.76,417.3 2 0
github.com/sapcc/hermes/pkg/storage/opensearch.go:419.2,423.61 3 0
github.com/sapcc/hermes/pkg/storage/opensearch.go:423.61,425.3 1 0
github.com/sapcc/hermes/pkg/storage/opensearch.go:425.8,427.3 1 0
github.com/sapcc/hermes/pkg/storage/opensearch.go:429.2,430.54 2 0
github.com/sapcc/hermes/pkg/storage/opensearch.go:430.54,440.3 4 0
github.com/sapcc/hermes/pkg/storage/opensearch.go:442.2,444.20 3 0
github.com/sapcc/hermes/pkg/storage/opensearch.go:448.38,450.18 2 0
github.com/sapcc/hermes/pkg/storage/opensearch.go:450.18,452.3 1 0
github.com/sapcc/hermes/pkg/storage/opensearch.go:453.2,453.23 1 0
github.com/sapcc/hermes/pkg/storage/util.go:39.60,40.22 1 0
github.com/sapcc/hermes/pkg/storage/util.go:40.22,42.3 1 0
github.com/sapcc/hermes/pkg/storage/util.go:44.2,47.31 3 0
github.com/sapcc/hermes/pkg/storage/util.go:47.31,48.19 1 0
github.com/sapcc/hermes/pkg/storage/util.go:48.19,49.12 1 0
github.com/sapcc/hermes/pkg/storage/util.go:52.3,52.35 1 0
github.com/sapcc/hermes/pkg/storage/util.go:52.35,55.4 2 0
github.com/sapcc/hermes/pkg/storage/util.go:58.2,58.15 1 0
github.com/sapcc/hermes/pkg/storage/util.go:64.25,66.2 1 0
github.com/sapcc/hermes/pkg/storage/util.go:71.46,72.20 1 0
github.com/sapcc/hermes/pkg/storage/util.go:72.20,74.3 1 0
github.com/sapcc/hermes/pkg/storage/util.go:75.2,75.31 1 0
github.com/sapcc/hermes/pkg/storage/util.go:75.31,77.3 1 0
github.com/sapcc/hermes/pkg/storage/util.go:78.2,78.12 1 0
github.com/sapcc/hermes/pkg/storage/util.go:85.58,86.51 1 0
github.com/sapcc/hermes/pkg/storage/util.go:86.51,88.3 1 0
github.com/sapcc/hermes/pkg/storage/util.go:90.2,91.28 2 0
github.com/sapcc/hermes/pkg/storage/util.go:91.28,93.3 1 0
github.com/sapcc/hermes/pkg/storage/util.go:95.2,95.44 1 0
github.com/sapcc/hermes/pkg/util/hacks.go:12.13,19.41 1 1
github.com/sapcc/hermes/pkg/util/hacks.go:19.41,27.3 2 0
github.com/sapcc/hermes/pkg/util/load_policy.go:14.60,15.16 1 4
github.com/sapcc/hermes/pkg/util/load_policy.go:15.16,17.3 1 0
github.com/sapcc/hermes/pkg/util/load_policy.go:18.2,19.16 2 4
github.com/sapcc/hermes/pkg/util/load_policy.go:19.16,21.3 1 0
github.com/sapcc/hermes/pkg/util/load_policy.go:22.2,24.16 3 4
github.com/sapcc/hermes/pkg/util/load_policy.go:24.16,26.3 1 0
github.com/sapcc/hermes/pkg/util/load_policy.go:27.2,27.34 1 4
github.com/sapcc/hermes/pkg/api/api.go:21.59,23.2 1 0
github.com/sapcc/hermes/pkg/api/api.go:26.45,28.2 1 0
github.com/sapcc/hermes/pkg/api/api.go:30.77,38.2 3 0
github.com/sapcc/hermes/pkg/api/api.go:44.34,46.2 1 0
github.com/sapcc/hermes/pkg/api/api.go:49.45,51.2 1 0
github.com/sapcc/hermes/pkg/api/core.go:40.115,47.66 3 0
github.com/sapcc/hermes/pkg/api/core.go:47.66,49.3 1 0
github.com/sapcc/hermes/pkg/api/core.go:49.8,51.3 1 0
github.com/sapcc/hermes/pkg/api/core.go:54.2,54.69 1 0
github.com/sapcc/hermes/pkg/api/core.go:54.69,56.3 1 0
github.com/sapcc/hermes/pkg/api/core.go:56.8,58.3 1 0
github.com/sapcc/hermes/pkg/api/core.go:60.2,61.18 2 0
github.com/sapcc/hermes/pkg/api/core.go:79.90,106.2 3 0
github.com/sapcc/hermes/pkg/api/core.go:109.45,111.2 1 0
github.com/sapcc/hermes/pkg/api/core.go:114.40,126.2 4 0
github.com/sapcc/hermes/pkg/api/core.go:131.70,139.2 4 0
github.com/sapcc/hermes/pkg/api/core.go:142.70,147.2 2 0
github.com/sapcc/hermes/pkg/api/core.go:150.75,155.2 2 0
github.com/sapcc/hermes/pkg/api/core.go:158.73,163.2 2 0
github.com/sapcc/hermes/pkg/api/events.go:37.77,40.9 3 0
github.com/sapcc/hermes/pkg/api/events.go:40.9,42.3 1 0
github.com/sapcc/hermes/pkg/api/events.go:45.2,50.21 4 0
github.com/sapcc/hermes/pkg/api/events.go:50.21,52.17 2 0
github.com/sapcc/hermes/pkg/api/events.go:52.17,55.4 2 0
github.com/sapcc/hermes/pkg/api/events.go:56.3,56.35 1 0
github.com/sapcc/hermes/pkg/api/events.go:56.35,59.4 2 0
github.com/sapcc/hermes/pkg/api/events.go:60.3,60.30 1 0
github.com/sapcc/hermes/pkg/api/events.go:63.2,63.20 1 0
github.com/sapcc/hermes/pkg/api/events.go:63.20,65.17 2 0
github.com/sapcc/hermes/pkg/api/events.go:65.17,68.4 2 0
github.com/sapcc/hermes/pkg/api/events.go:69.3,69.34 1 0
github.com/sapcc/hermes/pkg/api/events.go:69.34,72.4 2 0
github.com/sapcc/hermes/pkg/api/events.go:73.3,73.28 1 0
github.com/sapcc/hermes/pkg/api/events.go:79.2,105.60 5 0
github.com/sapcc/hermes/pkg/api/events.go:105.60,108.24 2 0
github.com/sapcc/hermes/pkg/api/events.go:108.24,109.42 1 0
github.com/sapcc/hermes/pkg/api/events.go:109.42,112.5 2 0
github.com/sapcc/hermes/pkg/api/events.go:113.4,113.12 1 0
github.com/sapcc/hermes/pkg/api/events.go:116.3,118.22 2 0
github.com/sapcc/hermes/pkg/api/events.go:118.22,121.4 2 0
github.com/sapcc/hermes/pkg/api/events.go:123.3,123.34 1 0
github.com/sapcc/hermes/pkg/api/events.go:123.34,127.4 3 0
github.com/sapcc/hermes/pkg/api/events.go:129.3,130.17 2 0
github.com/sapcc/hermes/pkg/api/events.go:130.17,132.27 2 0
github.com/sapcc/hermes/pkg/api/events.go:132.27,136.5 3 0
github.com/sapcc/hermes/pkg/api/events.go:138.4,138.42 1 0
github.com/sapcc/hermes/pkg/api/events.go:138.42,142.5 3 0
github.com/sapcc/hermes/pkg/api/events.go:143.4,143.32 1 0
github.com/sapcc/hermes/pkg/api/events.go:146.3,147.42 2 0
github.com/sapcc/hermes/pkg/api/events.go:151.2,155.60 4 0
github.com/sapcc/hermes/pkg/api/events.go:155.60,158.24 2 0
github.com/sapcc/hermes/pkg/api/events.go:158.24,159.54 1 0
github.com/sapcc/hermes/pkg/api/events.go:159.54,162.5 2 0
github.com/sapcc/hermes/pkg/api/events.go:163.4,163.12 1 0
github.com/sapcc/hermes/pkg/api/events.go:166.3,167.21 2 0
github.com/sapcc/hermes/pkg/api/events.go:167.21,170.4 2 0
github.com/sapcc/hermes/pkg/api/events.go:172.3,172.32 1 0
github.com/sapcc/hermes/pkg/api/events.go:172.32,176.4 3 0
github.com/sapcc/hermes/pkg/api/events.go:178.3,178.18 1 0
github.com/sapcc/hermes/pkg/api/events.go:178.18,182.4 3 0
github.com/sapcc/hermes/pkg/api/events.go:184.3,185.20 2 0
github.com/sapcc/hermes/pkg/api/events.go:185.20,189.4 3 0
github.com/sapcc/hermes/pkg/api/events.go:191.3,192.13 2 0
github.com/sapcc/hermes/pkg/api/events.go:192.13,196.4 3 0
github.com/sapcc/hermes/pkg/api/events.go:198.3,202.47 4 0
github.com/sapcc/hermes/pkg/api/events.go:202.47,204.18 2 0
github.com/sapcc/hermes/pkg/api/events.go:204.18,206.10 2 0
github.com/sapcc/hermes/pkg/api/events.go:209.3,209.25 1 0
github.com/sapcc/hermes/pkg/api/events.go:209.25,213.4 3 0
github.com/sapcc/hermes/pkg/api/events.go:214.3,214.32 1 0
github.com/sapcc/hermes/pkg/api/events.go:217.2,240.16 6 0
github.com/sapcc/hermes/pkg/api/events.go:240.16,242.3 1 0
github.com/sapcc/hermes/pkg/api/events.go:243.2,244.37 2 0
github.com/sapcc/hermes/pkg/api/events.go:244.37,248.71 2 0
github.com/sapcc/hermes/pkg/api/events.go:248.71,251.4 1 0
github.com/sapcc/hermes/pkg/api/events.go:252.3,253.9 2 0
github.com/sapcc/hermes/pkg/api/events.go:256.2,261.60 3 0
github.com/sapcc/hermes/pkg/api/events.go:261.60,267.3 3 0
github.com/sapcc/hermes/pkg/api/events.go:269.2,269.35 1 0
github.com/sapcc/hermes/pkg/api/events.go:269.35,275.3 3 0
github.com/sapcc/hermes/pkg/api/events.go:277.2,277.45 1 0
github.com/sapcc/hermes/pkg/api/events.go:281.82,283.9 2 0
github.com/sapcc/hermes/pkg/api/events.go:283.9,285.3 1 0
github.com/sapcc/hermes/pkg/api/events.go:288.2,293.47 4 0
github.com/sapcc/hermes/pkg/api/events.go:293.47,296.3 2 0
github.com/sapcc/hermes/pkg/api/events.go:298.2,299.16 2 0
github.com/sapcc/hermes/pkg/api/events.go:299.16,301.3 1 0
github.com/sapcc/hermes/pkg/api/events.go:303.2,305.37 2 0
github.com/sapcc/hermes/pkg/api/events.go:305.37,309.3 3 0
github.com/sapcc/hermes/pkg/api/events.go:310.2,310.18 1 0
github.com/sapcc/hermes/pkg/api/events.go:310.18,314.3 3 0
github.com/sapcc/hermes/pkg/api/events.go:315.2,315.41 1 0
github.com/sapcc/hermes/pkg/api/events.go:319.80,321.9 2 0
github.com/sapcc/hermes/pkg/api/events.go:321.9,323.3 1 0
github.com/sapcc/hermes/pkg/api/events.go:326.2,329.21 4 0
github.com/sapcc/hermes/pkg/api/events.go:329.21,332.3 2 0
github.com/sapcc/hermes/pkg/api/events.go:333.2,337.16 3 0
github.com/sapcc/hermes/pkg/api/events.go:337.16,339.3 1 0
github.com/sapcc/hermes/pkg/api/events.go:341.2,349.16 4 0
github.com/sapcc/hermes/pkg/api/events.go:349.16,351.3 1 0
github.com/sapcc/hermes/pkg/api/events.go:353.2,355.37 2 0
github.com/sapcc/hermes/pkg/api/events.go:355.37,359.3 3 0
github.com/sapcc/hermes/pkg/api/events.go:360.2,360.22 1 0
github.com/sapcc/hermes/pkg/api/events.go:360.22,364.3 3 0
github.com/sapcc/hermes/pkg/api/events.go:365.2,365.45 1 0
github.com/sapcc/hermes/pkg/api/events.go:368.100,372.19 2 0
github.com/sapcc/hermes/pkg/api/events.go:372.19,375.3 1 0
github.com/sapcc/hermes/pkg/api/events.go:378.2,378.19 1 0
github.com/sapcc/hermes/pkg/api/events.go:378.19,381.3 2 0
github.com/sapcc/hermes/pkg/api/events.go:384.2,388.29 4 0
github.com/sapcc/hermes/pkg/api/events.go:388.29,389.42 1 0
github.com/sapcc/hermes/pkg/api/events.go:389.42,392.4 1 0
github.com/sapcc/hermes/pkg/api/events.go:394.3,394.16 1 0
github.com/sapcc/hermes/pkg/api/events.go:397.2,397.21 1 0
github.com/sapcc/hermes/pkg/api/middleware.go:41.13,43.2 1 0
github.com/sapcc/hermes/pkg/api/middleware.go:46.60,54.2 3 0
github.com/sapcc/hermes/pkg/api/middleware.go:57.77,60.46 2 0
github.com/sapcc/hermes/pkg/api/middleware.go:60.46,62.3 1 0
github.com/sapcc/hermes/pkg/api/middleware.go:66.81,69.46 2 0
github.com/sapcc/hermes/pkg/api/middleware.go:69.46,71.3 1 0
github.com/sapcc/hermes/pkg/api/middleware.go:75.70,80.12 4 0
github.com/sapcc/hermes/pkg/api/middleware.go:80.12,82.3 1 0
github.com/sapcc/hermes/pkg/api/middleware.go:84.2,88.68 3 0
github.com/sapcc/hermes/pkg/api/middleware.go:88.68,90.3 1 0
github.com/sapcc/hermes/pkg/api/middleware.go:93.2,94.25 2 0
github.com/sapcc/hermes/pkg/api/middleware.go:94.25,114.3 3 0
github.com/sapcc/hermes/pkg/api/middleware.go:116.2,117.16 2 0
github.com/sapcc/hermes/pkg/api/response.go:26.62,28.16 2 0
github.com/sapcc/hermes/pkg/api/response.go:28.16,31.3 2 0
github.com/sapcc/hermes/pkg/api/response.go:34.2,39.16 5 0
github.com/sapcc/hermes/pkg/api/response.go:39.16,43.3 1 0
github.com/sapcc/hermes/pkg/api/response.go:47.44,49.70 2 0
github.com/sapcc/hermes/pkg/api/response.go:49.70,51.3 1 0
github.com/sapcc/hermes/pkg/api/response.go:52.2,52.17 1 0
github.com/sapcc/hermes/pkg/api/server.go:22.87,53.2 11 0
github.com/sapcc/hermes/pkg/hermes/events.go:72.130,74.16 2 0
github.com/sapcc/hermes/pkg/hermes/events.go:74.16,76.3 1 0
github.com/sapcc/hermes/pkg/hermes/events.go:78.2,80.16 3 0
github.com/sapcc/hermes/pkg/hermes/events.go:80.16,82.3 1 0
github.com/sapcc/hermes/pkg/hermes/events.go:84.2,85.16 2 0
github.com/sapcc/hermes/pkg/hermes/events.go:85.16,87.3 1 0
github.com/sapcc/hermes/pkg/hermes/events.go:88.2,88.27 1 0
github.com/sapcc/hermes/pkg/hermes/events.go:91.99,93.23 1 0
github.com/sapcc/hermes/pkg/hermes/events.go:93.23,95.3 1 0
github.com/sapcc/hermes/pkg/hermes/events.go:97.2,97.56 1 0
github.com/sapcc/hermes/pkg/hermes/events.go:97.56,100.3 1 0
github.com/sapcc/hermes/pkg/hermes/events.go:102.2,104.16 3 0
github.com/sapcc/hermes/pkg/hermes/events.go:104.16,105.47 1 0
github.com/sapcc/hermes/pkg/hermes/events.go:107.2,123.28 2 0
github.com/sapcc/hermes/pkg/hermes/events.go:127.81,129.44 2 0
github.com/sapcc/hermes/pkg/hermes/events.go:129.44,151.14 2 0
github.com/sapcc/hermes/pkg/hermes/events.go:151.14,153.4 1 0
github.com/sapcc/hermes/pkg/hermes/events.go:154.3,156.17 3 0
github.com/sapcc/hermes/pkg/hermes/events.go:156.17,158.4 1 0
github.com/sapcc/hermes/pkg/hermes/events.go:160.3,160.34 1 0
github.com/sapcc/hermes/pkg/hermes/events.go:162.2,162.20 1 0
github.com/sapcc/hermes/pkg/hermes/events.go:166.111,170.2 2 0
github.com/sapcc/hermes/pkg/hermes/events.go:173.129,182.2 3 0
github.com/sapcc/hermes/pkg/storage/mock.go:17.112,20.16 3 1
github.com/sapcc/hermes/pkg/storage/mock.go:20.16,22.3 1 0
github.com/sapcc/hermes/pkg/storage/mock.go:24.2,26.39 2 1
github.com/sapcc/hermes/pkg/storage/mock.go:26.39,28.3 1 4
github.com/sapcc/hermes/pkg/storage/mock.go:30.2,30.42 1 1
github.com/sapcc/hermes/pkg/storage/mock.go:34.92,38.2 3 1
github.com/sapcc/hermes/pkg/storage/mock.go:41.31,43.2 1 0
github.com/sapcc/hermes/pkg/storage/mock.go:46.110,50.2 3 1
github.com/sapcc/hermes/pkg/storage/opensearch.go:30.54,32.24 1 0
github.com/sapcc/hermes/pkg/storage/opensearch.go:32.24,34.3 1 0
github.com/sapcc/hermes/pkg/storage/opensearch.go:35.2,35.20 1 0
github.com/sapcc/hermes/pkg/storage/opensearch.go:38.30,53.32 8 0
github.com/sapcc/hermes/pkg/storage/opensearch.go:53.32,55.3 1 0
github.com/sapcc/hermes/pkg/storage/opensearch.go:56.2,75.38 3 0
github.com/sapcc/hermes/pkg/storage/opensearch.go:75.38,78.3 2 0
github.com/sapcc/hermes/pkg/storage/opensearch.go:80.2,82.16 3 0
github.com/sapcc/hermes/pkg/storage/opensearch.go:82.16,84.13 1 0
github.com/sapcc/hermes/pkg/storage/opensearch.go:94.74,107.20 3 0
github.com/sapcc/hermes/pkg/storage/opensearch.go:107.20,113.3 1 0
github.com/sapcc/hermes/pkg/storage/opensearch.go:116.2,116.45 1 0
github.com/sapcc/hermes/pkg/storage/opensearch.go:116.45,117.36 1 0
github.com/sapcc/hermes/pkg/storage/opensearch.go:117.36,123.4 2 0
github.com/sapcc/hermes/pkg/storage/opensearch.go:123.9,128.4 1 0
github.com/sapcc/hermes/pkg/storage/opensearch.go:131.2,131.31 1 0
github.com/sapcc/hermes/pkg/storage/opensearch.go:131.31,133.3 1 0
github.com/sapcc/hermes/pkg/storage/opensearch.go:134.2,134.29 1 0
github.com/sapcc/hermes/pkg/storage/opensearch.go:134.29,136.3 1 0
github.com/sapcc/hermes/pkg/storage/opensearch.go:137.2,137.27 1 0
github.com/sapcc/hermes/pkg/storage/opensearch.go:137.27,139.3 1 0
github.com/sapcc/hermes/pkg/storage/opensearch.go:140.2,140.32 1 0
github.com/sapcc/hermes/pkg/storage/opensearch.go:140.32,142.3 1 0
github.com/sapcc/hermes/pkg/storage/opensearch.go:143.2,143.30 1 0
github.com/sapcc/hermes/pkg/storage/opensearch.go:143.30,145.3 1 0
github.com/sapcc/hermes/pkg/storage/opensearch.go:146.2,146.32 1 0
github.com/sapcc/hermes/pkg/storage/opensearch.go:146.32,148.3 1 0
github.com/sapcc/hermes/pkg/storage/opensearch.go:149.2,149.25 1 0
github.com/sapcc/hermes/pkg/storage/opensearch.go:149.25,151.3 1 0
github.com/sapcc/hermes/pkg/storage/opensearch.go:152.2,152.26 1 0
github.com/sapcc/hermes/pkg/storage/opensearch.go:152.26,154.3 1 0
github.com/sapcc/hermes/pkg/storage/opensearch.go:155.2,155.30 1 0
github.com/sapcc/hermes/pkg/storage/opensearch.go:155.30,157.3 1 0
github.com/sapcc/hermes/pkg/storage/opensearch.go:160.2,160.26 1 0
github.com/sapcc/hermes/pkg/storage/opensearch.go:160.26,164.39 3 0
github.com/sapcc/hermes/pkg/storage/opensearch.go:164.39,165.15 1 0
github.com/sapcc/hermes/pkg/storage/opensearch.go:166.14,167.28 1 0
github.com/sapcc/hermes/pkg/storage/opensearch.go:168.15,169.29 1 0
github.com/sapcc/hermes/pkg/storage/opensearch.go:170.14,171.28 1 0
github.com/sapcc/hermes/pkg/storage/opensearch.go:172.15,173.29 1 0
github.com/sapcc/hermes/pkg/storage/opensearch.go:177.3,177.99 1 0
github.com/sapcc/hermes/pkg/storage/opensearch.go:181.2,181.25 1 0
github.com/sapcc/hermes/pkg/storage/opensearch.go:181.25,187.3 1 0
github.com/sapcc/hermes/pkg/storage/opensearch.go:189.2,189.18 1 0
github.com/sapcc/hermes/pkg/storage/opensearch.go:193.119,195.51 1 0
github.com/sapcc/hermes/pkg/storage/opensearch.go:195.51,197.3 1 0
github.com/sapcc/hermes/pkg/storage/opensearch.go:199.2,212.24 6 0
github.com/sapcc/hermes/pkg/storage/opensearch.go:212.24,213.42 1 0
github.com/sapcc/hermes/pkg/storage/opensearch.go:213.42,215.33 2 0
github.com/sapcc/hermes/pkg/storage/opensearch.go:215.33,217.5 1 0
github.com/sapcc/hermes/pkg/storage/opensearch.go:218.4,220.6 1 0
github.com/sapcc/hermes/pkg/storage/opensearch.go:225.2,238.16 8 0
github.com/sapcc/hermes/pkg/storage/opensearch.go:238.16,240.3 1 0
github.com/sapcc/hermes/pkg/storage/opensearch.go:242.2,250.16 3 0
github.com/sapcc/hermes/pkg/storage/opensearch.go:250.16,251.63 1 0
github.com/sapcc/hermes/pkg/storage/opensearch.go:251.63,254.4 2 0
github.com/sapcc/hermes/pkg/storage/opensearch.go:254.9,256.4 1 0
github.com/sapcc/hermes/pkg/storage/opensearch.go:257.3,257.21 1 0
github.com/sapcc/hermes/pkg/storage/opensearch.go:260.2,264.43 3 0
github.com/sapcc/hermes/pkg/storage/opensearch.go:264.43,267.17 3 0
github.com/sapcc/hermes/pkg/storage/opensearch.go:267.17,269.4 1 0
github.com/sapcc/hermes/pkg/storage/opensearch.go:270.3,270.31 1 0
github.com/sapcc/hermes/pkg/storage/opensearch.go:273.2,275.27 2 0
github.com/sapcc/hermes/pkg/storage/opensearch.go:279.99,281.51 1 0
github.com/sapcc/hermes/pkg/storage/opensearch.go:281.51,283.3 1 0
github.com/sapcc/hermes/pkg/storage/opensearch.go:285.2,309.16 5 0
github.com/sapcc/hermes/pkg/storage/opensearch.go:309.16,311.3 1 0
github.com/sapcc/hermes/pkg/storage/opensearch.go:313.2,320.16 3 0
github.com/sapcc/hermes/pkg/storage/opensearch.go:320.16,323.3 2 0
github.com/sapcc/hermes/pkg/storage/opensearch.go:325.2,328.15 3 0
github.com/sapcc/hermes/pkg/storage/opensearch.go:328.15,333.3 4 0
github.com/sapcc/hermes/pkg/storage/opensearch.go:334.2,334.17 1 0
github.com/sapcc/hermes/pkg/storage/opensearch.go:338.117,340.51 1 0
github.com/sapcc/hermes/pkg/storage/opensearch.go:340.51,342.3 1 0
github.com/sapcc/hermes/pkg/storage/opensearch.go:344.2,349.53 4 0
github.com/sapcc/hermes/pkg/storage/opensearch.go:349.53,351.3 1 0
github.com/sapcc/hermes/pkg/storage/opensearch.go:351.8,353.3 1 0
github.com/sapcc/hermes/pkg/storage/opensearch.go:354.2,383.16 5 0
github.com/sapcc/hermes/pkg/storage/opensearch.go:383.16,385.3 1 0
github.com/sapcc/hermes/pkg/storage/opensearch.go:387.2,394.16 3 0
github.com/sapcc/hermes/pkg/storage/opensearch.go:394.16,395.63 1 0
github.com/sapcc/hermes/pkg/storage/opensearch.go:395.63,398.4 2 0
github.com/sapcc/hermes/pkg/storage/opensearch.go:398.9,400.4 1 0
github.com/sapcc/hermes/pkg/storage/opensearch.go:401.3,401.18 1 0
github.com/sapcc/hermes/pkg/storage/opensearch.go:405.2,414.76 2 0
github.com/sapcc/hermes/pkg/storage/opensearch.go:414.76,417.3 2 0
github.com/sapcc/hermes/pkg/storage/opensearch.go:419.2,423.61 3 0
github.com/sapcc/hermes/pkg/storage/opensearch.go:423.61,425.3 1 0
github.com/sapcc/hermes/pkg/storage/opensearch.go:425.8,427.3 1 0
github.com/sapcc/hermes/pkg/storage/opensearch.go:429.2,430.54 2 0
github.com/sapcc/hermes/pkg/storage/opensearch.go:430.54,440.3 4 0
github.com/sapcc/hermes/pkg/storage/opensearch.go:442.2,444.20 3 0
github.com/sapcc/hermes/pkg/storage/opensearch.go:448.38,450.18 2 0
github.com/sapcc/hermes/pkg/storage/opensearch.go:450.18,452.3 1 0
github.com/sapcc/hermes/pkg/storage/opensearch.go:453.2,453.23 1 0
github.com/sapcc/hermes/pkg/storage/util.go:39.60,40.22 1 8
github.com/sapcc/hermes/pkg/storage/util.go:40.22,42.3 1 2
github.com/sapcc/hermes/pkg/storage/util.go:44.2,47.31 3 6
github.com/sapcc/hermes/pkg/storage/util.go:47.31,48.19 1 24
github.com/sapcc/hermes/pkg/storage/util.go:48.19,49.12 1 5
github.com/sapcc/hermes/pkg/storage/util.go:52.3,52.35 1 19
github.com/sapcc/hermes/pkg/storage/util.go:52.35,55.4 2 14
github.com/sapcc/hermes/pkg/storage/util.go:58.2,58.15 1 6
github.com/sapcc/hermes/pkg/storage/util.go:64.25,66.2 1 0
github.com/sapcc/hermes/pkg/storage/util.go:71.46,72.20 1 0
github.com/sapcc/hermes/pkg/storage/util.go:72.20,74.3 1 0
github.com/sapcc/hermes/pkg/storage/util.go:75.2,75.31 1 0
github.com/sapcc/hermes/pkg/storage/util.go:75.31,77.3 1 0
github.com/sapcc/hermes/pkg/storage/util.go:78.2,78.12 1 0
github.com/sapcc/hermes/pkg/storage/util.go:85.58,86.51 1 10
github.com/sapcc/hermes/pkg/storage/util.go:86.51,88.3 1 4
github.com/sapcc/hermes/pkg/storage/util.go:90.2,91.28 2 6
github.com/sapcc/hermes/pkg/storage/util.go:91.28,93.3 1 2
github.com/sapcc/hermes/pkg/storage/util.go:95.2,95.44 1 4
github.com/sapcc/hermes/pkg/api/api.go:21.59,23.2 1 0
github.com/sapcc/hermes/pkg/api/api.go:26.45,28.2 1 0
github.com/sapcc/hermes/pkg/api/api.go:30.77,38.2 3 0
github.com/sapcc/hermes/pkg/api/api.go:44.34,46.2 1 0
github.com/sapcc/hermes/pkg/api/api.go:49.45,51.2 1 0
github.com/sapcc/hermes/pkg/api/core.go:40.115,47.66 3 0
github.com/sapcc/hermes/pkg/api/core.go:47.66,49.3 1 0
github.com/sapcc/hermes/pkg/api/core.go:49.8,51.3 1 0
github.com/sapcc/hermes/pkg/api/core.go:54.2,54.69 1 0
github.com/sapcc/hermes/pkg/api/core.go:54.69,56.3 1 0
github.com/sapcc/hermes/pkg/api/core.go:56.8,58.3 1 0
github.com/sapcc/hermes/pkg/api/core.go:60.2,61.18 2 0
github.com/sapcc/hermes/pkg/api/core.go:79.90,106.2 3 0
github.com/sapcc/hermes/pkg/api/core.go:109.45,111.2 1 0
github.com/sapcc/hermes/pkg/api/core.go:114.40,126.2 4 0
github.com/sapcc/hermes/pkg/api/core.go:131.70,139.2 4 0
github.com/sapcc/hermes/pkg/api/core.go:142.70,147.2 2 0
github.com/sapcc/hermes/pkg/api/core.go:150.75,155.2 2 0
github.com/sapcc/hermes/pkg/api/core.go:158.73,163.2 2 0
github.com/sapcc/hermes/pkg/api/events.go:37.77,40.9 3 0
github.com/sapcc/hermes/pkg/api/events.go:40.9,42.3 1 0
github.com/sapcc/hermes/pkg/api/events.go:45.2,50.21 4 0
github.com/sapcc/hermes/pkg/api/events.go:50.21,52.17 2 0
github.com/sapcc/hermes/pkg/api/events.go:52.17,55.4 2 0
github.com/sapcc/hermes/pkg/api/events.go:56.3,56.35 1 0
github.com/sapcc/hermes/pkg/api/events.go:56.35,59.4 2 0
github.com/sapcc/hermes/pkg/api/events.go:60.3,60.30 1 0
github.com/sapcc/hermes/pkg/api/events.go:63.2,63.20 1 0
github.com/sapcc/hermes/pkg/api/events.go:63.20,65.17 2 0
github.com/sapcc/hermes/pkg/api/events.go:65.17,68.4 2 0
github.com/sapcc/hermes/pkg/api/events.go:69.3,69.34 1 0
github.com/sapcc/hermes/pkg/api/events.go:69.34,72.4 2 0
github.com/sapcc/hermes/pkg/api/events.go:73.3,73.28 1 0
github.com/sapcc/hermes/pkg/api/events.go:79.2,105.60 5 0
github.com/sapcc/hermes/pkg/api/events.go:105.60,108.24 2 0
github.com/sapcc/hermes/pkg/api/events.go:108.24,109.42 1 0
github.com/sapcc/hermes/pkg/api/events.go:109.42,112.5 2 0
github.com/sapcc/hermes/pkg/api/events.go:113.4,113.12 1 0
github.com/sapcc/hermes/pkg/api/events.go:116.3,118.22 2 0
github.com/sapcc/hermes/pkg/api/events.go:118.22,121.4 2 0
github.com/sapcc/hermes/pkg/api/events.go:123.3,123.34 1 0
github.com/sapcc/hermes/pkg/api/events.go:123.34,127.4 3 0
github.com/sapcc/hermes/pkg/api/events.go:129.3,130.17 2 0
github.com/sapcc/hermes/pkg/api/events.go:130.17,132.27 2 0
github.com/sapcc/hermes/pkg/api/events.go:132.27,136.5 3 0
github.com/sapcc/hermes/pkg/api/events.go:138.4,138.42 1 0
github.com/sapcc/hermes/pkg/api/events.go:138.42,142.5 3 0
github.com/sapcc/hermes/pkg/api/events.go:143.4,143.32 1 0
github.com/sapcc/hermes/pkg/api/events.go:146.3,147.42 2 0
github.com/sapcc/hermes/pkg/api/events.go:151.2,155.60 4 0
github.com/sapcc/hermes/pkg/api/events.go:155.60,158.24 2 0
github.com/sapcc/hermes/pkg/api/events.go:158.24,159.54 1 0
github.com/sapcc/hermes/pkg/api/events.go:159.54,162.5 2 0
github.com/sapcc/hermes/pkg/api/events.go:163.4,163.12 1 0
github.com/sapcc/hermes/pkg/api/events.go:166.3,167.21 2 0
github.com/sapcc/hermes/pkg/api/events.go:167.21,170.4 2 0
github.com/sapcc/hermes/pkg/api/events.go:172.3,172.32 1 0
github.com/sapcc/hermes/pkg/api/events.go:172.32,176.4 3 0
github.com/sapcc/hermes/pkg/api/events.go:178.3,178.18 1 0
github.com/sapcc/hermes/pkg/api/events.go:178.18,182.4 3 0
github.com/sapcc/hermes/pkg/api/events.go:184.3,185.20 2 0
github.com/sapcc/hermes/pkg/api/events.go:185.20,189.4 3 0
github.com/sapcc/hermes/pkg/api/events.go:191.3,192.13 2 0
github.com/sapcc/hermes/pkg/api/events.go:192.13,196.4 3 0
github.com/sapcc/hermes/pkg/api/events.go:198.3,202.47 4 0
github.com/sapcc/hermes/pkg/api/events.go:202.47,204.18 2 0
github.com/sapcc/hermes/pkg/api/events.go:204.18,206.10 2 0
github.com/sapcc/hermes/pkg/api/events.go:209.3,209.25 1 0
github.com/sapcc/hermes/pkg/api/events.go:209.25,213.4 3 0
github.com/sapcc/hermes/pkg/api/events.go:214.3,214.32 1 0
github.com/sapcc/hermes/pkg/api/events.go:217.2,240.16 6 0
github.com/sapcc/hermes/pkg/api/events.go:240.16,242.3 1 0
github.com/sapcc/hermes/pkg/api/events.go:243.2,244.37 2 0
github.com/sapcc/hermes/pkg/api/events.go:244.37,248.71 2 0
github.com/sapcc/hermes/pkg/api/events.go:248.71,251.4 1 0
github.com/sapcc/hermes/pkg/api/events.go:252.3,253.9 2 0
github.com/sapcc/hermes/pkg/api/events.go:256.2,261.60 3 0
github.com/sapcc/hermes/pkg/api/events.go:261.60,267.3 3 0
github.com/sapcc/hermes/pkg/api/events.go:269.2,269.35 1 0
github.com/sapcc/hermes/pkg/api/events.go:269.35,275.3 3 0
github.com/sapcc/hermes/pkg/api/events.go:277.2,277.45 1 0
github.com/sapcc/hermes/pkg/api/events.go:281.82,283.9 2 0
github.com/sapcc/hermes/pkg/api/events.go:283.9,285.3 1 0
github.com/sapcc/hermes/pkg/api/events.go:288.2,293.47 4 0
github.com/sapcc/hermes/pkg/api/events.go:293.47,296.3 2 0
github.com/sapcc/hermes/pkg/api/events.go:298.2,299.16 2 0
github.com/sapcc/hermes/pkg/api/events.go:299.16,301.3 1 0
github.com/sapcc/hermes/pkg/api/events.go:303.2,305.37 2 0
github.com/sapcc/hermes/pkg/api/events.go:305.37,309.3 3 0
github.com/sapcc/hermes/pkg/api/events.go:310.2,310.18 1 0
github.com/sapcc/hermes/pkg/api/events.go:310.18,314.3 3 0
github.com/sapcc/hermes/pkg/api/events.go:315.2,315.41 1 0
github.com/sapcc/hermes/pkg/api/events.go:319.80,321.9 2 0
github.com/sapcc/hermes/pkg/api/events.go:321.9,323.3 1 0
github.com/sapcc/hermes/pkg/api/events.go:326.2,329.21 4 0
github.com/sapcc/hermes/pkg/api/events.go:329.21,332.3 2 0
github.com/sapcc/hermes/pkg/api/events.go:333.2,337.16 3 0
github.com/sapcc/hermes/pkg/api/events.go:337.16,339.3 1 0
github.com/sapcc/hermes/pkg/api/events.go:341.2,349.16 4 0
github.com/sapcc/hermes/pkg/api/events.go:349.16,351.3 1 0
github.com/sapcc/hermes/pkg/api/events.go:353.2,355.37 2 0
github.com/sapcc/hermes/pkg/api/events.go:355.37,359.3 3 0
github.com/sapcc/hermes/pkg/api/events.go:360.2,360.22 1 0
github.com/sapcc/hermes/pkg/api/events.go:360.22,364.3 3 0
github.com/sapcc/hermes/pkg/api/events.go:365.2,365.45 1 0
github.com/sapcc/hermes/pkg/api/events.go:368.100,372.19 2 0
github.com/sapcc/hermes/pkg/api/events.go:372.19,375.3 1 0
github.com/sapcc/hermes/pkg/api/events.go:378.2,378.19 1 0
github.com/sapcc/hermes/pkg/api/events.go:378.19,381.3 2 0
github.com/sapcc/hermes/pkg/api/events.go:384.2,388.29 4 0
github.com/sapcc/hermes/pkg/api/events.go:388.29,389.42 1 0
github.com/sapcc/hermes/pkg/api/events.go:389.42,392.4 1 0
github.com/sapcc/hermes/pkg/api/events.go:394.3,394.16 1 0
github.com/sapcc/hermes/pkg/api/events.go:397.2,397.21 1 0
github.com/sapcc/hermes/pkg/api/middleware.go:41.13,43.2 1 0
github.com/sapcc/hermes/pkg/api/middleware.go:46.60,54.2 3 0
github.com/sapcc/hermes/pkg/api/middleware.go:57.77,60.46 2 0
github.com/sapcc/hermes/pkg/api/middleware.go:60.46,62.3 1 0
github.com/sapcc/hermes/pkg/api/middleware.go:66.81,69.46 2 0
github.com/sapcc/hermes/pkg/api/middleware.go:69.46,71.3 1 0
github.com/sapcc/hermes/pkg/api/middleware.go:75.70,80.12 4 0
github.com/sapcc/hermes/pkg/api/middleware.go:80.12,82.3 1 0
github.com/sapcc/hermes/pkg/api/middleware.go:84.2,88.68 3 0
github.com/sapcc/hermes/pkg/api/middleware.go:88.68,90.3 1 0
github.com/sapcc/hermes/pkg/api/middleware.go:93.2,94.25 2 0
github.com/sapcc/hermes/pkg/api/middleware.go:94.25,114.3 3 0
github.com/sapcc/hermes/pkg/api/middleware.go:116.2,117.16 2 0
github.com/sapcc/hermes/pkg/api/response.go:26.62,28.16 2 0
github.com/sapcc/hermes/pkg/api/response.go:28.16,31.3 2 0
github.com/sapcc/hermes/pkg/api/response.go:34.2,39.16 5 0
github.com/sapcc/hermes/pkg/api/response.go:39.16,43.3 1 0
github.com/sapcc/hermes/pkg/api/response.go:47.44,49.70 2 0
github.com/sapcc/hermes/pkg/api/response.go:49.70,51.3 1 0
github.com/sapcc/hermes/pkg/api/response.go:52.2,52.17 1 0
github.com/sapcc/hermes/pkg/api/server.go:22.87,53.2 11 0
github.com/sapcc/hermes/pkg/hermes/events.go:72.130,74.16 2 1
github.com/sapcc/hermes/pkg/hermes/events.go:74.16,76.3 1 0
github.com/sapcc/hermes/pkg/hermes/events.go:78.2,80.16 3 1
github.com/sapcc/hermes/pkg/hermes/events.go:80.16,82.3 1 0
github.com/sapcc/hermes/pkg/hermes/events.go:84.2,85.16 2 1
github.com/sapcc/hermes/pkg/hermes/events.go:85.16,87.3 1 0
github.com/sapcc/hermes/pkg/hermes/events.go:88.2,88.27 1 1
github.com/sapcc/hermes/pkg/hermes/events.go:91.99,93.23 1 1
github.com/sapcc/hermes/pkg/hermes/events.go:93.23,95.3 1 1
github.com/sapcc/hermes/pkg/hermes/events.go:97.2,97.56 1 1
github.com/sapcc/hermes/pkg/hermes/events.go:97.56,100.3 1 0
github.com/sapcc/hermes/pkg/hermes/events.go:102.2,104.16 3 1
github.com/sapcc/hermes/pkg/hermes/events.go:104.16,105.47 1 0
github.com/sapcc/hermes/pkg/hermes/events.go:107.2,123.28 2 1
github.com/sapcc/hermes/pkg/hermes/events.go:127.81,129.44 2 1
github.com/sapcc/hermes/pkg/hermes/events.go:129.44,151.14 2 4
github.com/sapcc/hermes/pkg/hermes/events.go:151.14,153.4 1 0
github.com/sapcc/hermes/pkg/hermes/events.go:154.3,156.17 3 4
github.com/sapcc/hermes/pkg/hermes/events.go:156.17,158.4 1 0
github.com/sapcc/hermes/pkg/hermes/events.go:160.3,160.34 1 4
github.com/sapcc/hermes/pkg/hermes/events.go:162.2,162.20 1 1
github.com/sapcc/hermes/pkg/hermes/events.go:166.111,170.2 2 1
github.com/sapcc/hermes/pkg/hermes/events.go:173.129,182.2 3 1
github.com/sapcc/hermes/pkg/storage/mock.go:17.112,20.16 3 1
github.com/sapcc/hermes/pkg/storage/mock.go:20.16,22.3 1 0
github.com/sapcc/hermes/pkg/storage/mock.go:24.2,26.39 2 1
github.com/sapcc/hermes/pkg/storage/mock.go:26.39,28.3 1 4
github.com/sapcc/hermes/pkg/storage/mock.go:30.2,30.42 1 1
github.com/sapcc/hermes/pkg/storage/mock.go:34.92,38.2 3 1
github.com/sapcc/hermes/pkg/storage/mock.go:41.31,43.2 1 1
github.com/sapcc/hermes/pkg/storage/mock.go:46.110,50.2 3 1
github.com/sapcc/hermes/pkg/storage/opensearch.go:30.54,32.24 1 0
github.com/sapcc/hermes/pkg/storage/opensearch.go:32.24,34.3 1 0
github.com/sapcc/hermes/pkg/storage/opensearch.go:35.2,35.20 1 0
github.com/sapcc/hermes/pkg/storage/opensearch.go:38.30,53.32 8 0
github.com/sapcc/hermes/pkg/storage/opensearch.go:53.32,55.3 1 0
github.com/sapcc/hermes/pkg/storage/opensearch.go:56.2,75.38 3 0
github.com/sapcc/hermes/pkg/storage/opensearch.go:75.38,78.3 2 0
github.com/sapcc/hermes/pkg/storage/opensearch.go:80.2,82.16 3 0
github.com/sapcc/hermes/pkg/storage/opensearch.go:82.16,84.13 1 0
github.com/sapcc/hermes/pkg/storage/opensearch.go:94.74,107.20 3 0
github.com/sapcc/hermes/pkg/storage/opensearch.go:107.20,113.3 1 0
github.com/sapcc/hermes/pkg/storage/opensearch.go:116.2,116.45 1 0
github.com/sapcc/hermes/pkg/storage/opensearch.go:116.45,117.36 1 0
github.com/sapcc/hermes/pkg/storage/opensearch.go:117.36,123.4 2 0
github.com/sapcc/hermes/pkg/storage/opensearch.go:123.9,128.4 1 0
github.com/sapcc/hermes/pkg/storage/opensearch.go:131.2,131.31 1 0
github.com/sapcc/hermes/pkg/storage/opensearch.go:131.31,133.3 1 0
github.com/sapcc/hermes/pkg/storage/opensearch.go:134.2,134.29 1 0
github.com/sapcc/hermes/pkg/storage/opensearch.go:134.29,136.3 1 0
github.com/sapcc/hermes/pkg/storage/opensearch.go:137.2,137.27 1 0
github.com/sapcc/hermes/pkg/storage/opensearch.go:137.27,139.3 1 0
github.com/sapcc/hermes/pkg/storage/opensearch.go:140.2,140.32 1 0
github.com/sapcc/hermes/pkg/storage/opensearch.go:140.32,142.3 1 0
github.com/sapcc/hermes/pkg/storage/opensearch.go:143.2,143.30 1 0
github.com/sapcc/hermes/pkg/storage/opensearch.go:143.30,145.3 1 0
github.com/sapcc/hermes/pkg/storage/opensearch.go:146.2,146.32 1 0
github.com/sapcc/hermes/pkg/storage/opensearch.go:146.32,148.3 1 0
github.com/sapcc/hermes/pkg/storage/opensearch.go:149.2,149.25 1 0
github.com/sapcc/hermes/pkg/storage/opensearch.go:149.25,151.3 1 0
github.com/sapcc/hermes/pkg/storage/opensearch.go:152.2,152.26 1 0
github.com/sapcc/hermes/pkg/storage/opensearch.go:152.26,154.3 1 0
github.com/sapcc/hermes/pkg/storage/opensearch.go:155.2,155.30 1 0
github.com/sapcc/hermes/pkg/storage/opensearch.go:155.30,157.3 1 0
github.com/sapcc/hermes/pkg/storage/opensearch.go:160.2,160.26 1 0
github.com/sapcc/hermes/pkg/storage/opensearch.go:160.26,164.39 3 0
github.com/sapcc/hermes/pkg/storage/opensearch.go:164.39,165.15 1 0
github.com/sapcc/hermes/pkg/storage/opensearch.go:166.14,167.28 1 0
github.com/sapcc/hermes/pkg/storage/opensearch.go:168.15,169.29 1 0
github.com/sapcc/hermes/pkg/storage/opensearch.go:170.14,171.28 1 0
github.com/sapcc/hermes/pkg/storage/opensearch.go:172.15,173.29 1 0
github.com/sapcc/hermes/pkg/storage/opensearch.go:177.3,177.99 1 0
github.com/sapcc/hermes/pkg/storage/opensearch.go:181.2,181.25 1 0
github.com/sapcc/hermes/pkg/storage/opensearch.go:181.25,187.3 1 0
github.com/sapcc/hermes/pkg/storage/opensearch.go:189.2,189.18 1 0
github.com/sapcc/hermes/pkg/storage/opensearch.go:193.119,195.51 1 0
github.com/sapcc/hermes/pkg/storage/opensearch.go:195.51,197.3 1 0
github.com/sapcc/hermes/pkg/storage/opensearch.go:199.2,212.24 6 0
github.com/sapcc/hermes/pkg/storage/opensearch.go:212.24,213.42 1 0
github.com/sapcc/hermes/pkg/storage/opensearch.go:213.42,215.33 2 0
github.com/sapcc/hermes/pkg/storage/opensearch.go:215.33,217.5 1 0
github.com/sapcc/hermes/pkg/storage/opensearch.go:218.4,220.6 1 0
github.com/sapcc/hermes/pkg/storage/opensearch.go:225.2,238.16 8 0
github.com/sapcc/hermes/pkg/storage/opensearch.go:238.16,240.3 1 0
github.com/sapcc/hermes/pkg/storage/opensearch.go:242.2,250.16 3 0
github.com/sapcc/hermes/pkg/storage/opensearch.go:250.16,251.63 1 0
github.com/sapcc/hermes/pkg/storage/opensearch.go:251.63,254.4 2 0
github.com/sapcc/hermes/pkg/storage/opensearch.go:254.9,256.4 1 0
github.com/sapcc/hermes/pkg/storage/opensearch.go:257.3,257.21 1 0
github.com/sapcc/hermes/pkg/storage/opensearch.go:260.2,264.43 3 0
github.com/sapcc/hermes/pkg/storage/opensearch.go:264.43,267.17 3 0
github.com/sapcc/hermes/pkg/storage/opensearch.go:267.17,269.4 1 0
github.com/sapcc/hermes/pkg/storage/opensearch.go:270.3,270.31 1 0
github.com/sapcc/hermes/pkg/storage/opensearch.go:273.2,275.27 2 0
github.com/sapcc/hermes/pkg/storage/opensearch.go:279.99,281.51 1 0
github.com/sapcc/hermes/pkg/storage/opensearch.go:281.51,283.3 1 0
github.com/sapcc/hermes/pkg/storage/opensearch.go:285.2,309.16 5 0
github.com/sapcc/hermes/pkg/storage/opensearch.go:309.16,311.3 1 0
github.com/sapcc/hermes/pkg/storage/opensearch.go:313.2,320.16 3 0
github.com/sapcc/hermes/pkg/storage/opensearch.go:320.16,323.3 2 0
github.com/sapcc/hermes/pkg/storage/opensearch.go:325.2,328.15 3 0
github.com/sapcc/hermes/pkg/storage/opensearch.go:328.15,333.3 4 0
github.com/sapcc/hermes/pkg/storage/opensearch.go:334.2,334.17 1 0
github.com/sapcc/hermes/pkg/storage/opensearch.go:338.117,340.51 1 0
github.com/sapcc/hermes/pkg/storage/opensearch.go:340.51,342.3 1 0
github.com/sapcc/hermes/pkg/storage/opensearch.go:344.2,349.53 4 0
github.com/sapcc/hermes/pkg/storage/opensearch.go:349.53,351.3 1 0
github.com/sapcc/hermes/pkg/storage/opensearch.go:351.8,353.3 1 0
github.com/sapcc/hermes/pkg/storage/opensearch.go:354.2,383.16 5 0
github.com/sapcc/hermes/pkg/storage/opensearch.go:383.16,385.3 1 0
github.com/sapcc/hermes/pkg/storage/opensearch.go:387.2,394.16 3 0
github.com/sapcc/hermes/pkg/storage/opensearch.go:394.16,395.63 1 0
github.com/sapcc/hermes/pkg/storage/opensearch.go:395.63,398.4 2 0
github.com/sapcc/hermes/pkg/storage/opensearch.go:398.9,400.4 1 0
github.com/sapcc/hermes/pkg/storage/opensearch.go:401.3,401.18 1 0
github.com/sapcc/hermes/pkg/storage/opensearch.go:405.2,414.76 2 0
github.com/sapcc/hermes/pkg/storage/opensearch.go:414.76,417.3 2 0
github.com/sapcc/hermes/pkg/storage/opensearch.go:419.2,423.61 3 0
github.com/sapcc/hermes/pkg/storage/opensearch.go:423.61,425.3 1 0
github.com/sapcc/hermes/pkg/storage/opensearch.go:425.8,427.3 1 0
github.com/sapcc/hermes/pkg/storage/opensearch.go:429.2,430.54 2 0
github.com/sapcc/hermes/pkg/storage/opensearch.go:430.54,440.3 4 0
github.com/sapcc/hermes/pkg/storage/opensearch.go:442.2,444.20 3 0
github.com/sapcc/hermes/pkg/storage/opensearch.go:448.38,450.18 2 0
github.com/sapcc/hermes/pkg/storage/opensearch.go:450.18,452.3 1 0
github.com/sapcc/hermes/pkg/storage/opensearch.go:453.2,453.23 1 0
github.com/sapcc/hermes/pkg/storage/util.go:39.60,40.22 1 0
github.com/sapcc/hermes/pkg/storage/util.go:40.22,42.3 1 0
github.com/sapcc/hermes/pkg/storage/util.go:44.2,47.31 3 0
github.com/sapcc/hermes/pkg/storage/util.go:47.31,48.19 1 0
github.com/sapcc/hermes/pkg/storage/util.go:48.19,49.12 1 0
github.com/sapcc/hermes/pkg/storage/util.go:52.3,52.35 1 0
github.com/sapcc/hermes/pkg/storage/util.go:52.35,55.4 2 0
github.com/sapcc/hermes/pkg/storage/util.go:58.2,58.15 1 0
github.com/sapcc/hermes/pkg/storage/util.go:64.25,66.2 1 0
github.com/sapcc/hermes/pkg/storage/util.go:71.46,72.20 1 0
github.com/sapcc/hermes/pkg/storage/util.go:72.20,74.3 1 0
github.com/sapcc/hermes/pkg/storage/util.go:75.2,75.31 1 0
github.com/sapcc/hermes/pkg/storage/util.go:75.31,77.3 1 0
github.com/sapcc/hermes/pkg/storage/util.go:78.2,78.12 1 0
github.com/sapcc/hermes/pkg/storage/util.go:85.58,86.51 1 0
github.com/sapcc/hermes/pkg/storage/util.go:86.51,88.3 1 0
github.com/sapcc/hermes/pkg/storage/util.go:90.2,91.28 2 0
github.com/sapcc/hermes/pkg/storage/util.go:91.28,93.3 1 0
github.com/sapcc/hermes/pkg/storage/util.go:95.2,95.44 1 0
